{"C:\\Users\\Andela\\Desktop\\CapstoneProject\\Server\\app.js": {"path":"C:\\Users\\Andela\\Desktop\\CapstoneProject\\Server\\app.js","statementMap":{"0":{"start":{"line":9,"column":0},"end":{"line":9,"column":29}},"1":{"start":{"line":11,"column":12},"end":{"line":11,"column":21}},"2":{"start":{"line":13,"column":0},"end":{"line":13,"column":23}},"3":{"start":{"line":14,"column":0},"end":{"line":14,"column":48}},"4":{"start":{"line":16,"column":0},"end":{"line":23,"column":2}},"5":{"start":{"line":17,"column":1},"end":{"line":17,"column":50}},"6":{"start":{"line":18,"column":1},"end":{"line":21,"column":2}},"7":{"start":{"line":22,"column":1},"end":{"line":22,"column":7}},"8":{"start":{"line":25,"column":0},"end":{"line":25,"column":19}},"9":{"start":{"line":26,"column":0},"end":{"line":26,"column":19}},"10":{"start":{"line":27,"column":0},"end":{"line":27,"column":22}},"11":{"start":{"line":28,"column":0},"end":{"line":28,"column":24}},"12":{"start":{"line":29,"column":0},"end":{"line":29,"column":22}}},"fnMap":{"0":{"name":"(anonymous_0)","decl":{"start":{"line":16,"column":8},"end":{"line":16,"column":9}},"loc":{"start":{"line":16,"column":28},"end":{"line":23,"column":1}},"line":16}},"branchMap":{},"s":{"0":5,"1":5,"2":5,"3":5,"4":5,"5":55,"6":55,"7":55,"8":5,"9":5,"10":5,"11":5,"12":5},"f":{"0":55},"b":{},"_coverageSchema":"1a1c01bbd47fc00a2c39e90264f33305004495a9","hash":"3b94d4e1b5447935649e02031e104f7c2a366c24"}
,"C:\\Users\\Andela\\Desktop\\CapstoneProject\\Server\\config\\multerConfig.js": {"path":"C:\\Users\\Andela\\Desktop\\CapstoneProject\\Server\\config\\multerConfig.js","statementMap":{"0":{"start":{"line":3,"column":15},"end":{"line":7,"column":2}}},"fnMap":{},"branchMap":{},"s":{"0":5},"f":{},"b":{},"_coverageSchema":"1a1c01bbd47fc00a2c39e90264f33305004495a9","hash":"0a201ac71630194eb57bb921ac9ff59ae4f34edd"}
,"C:\\Users\\Andela\\Desktop\\CapstoneProject\\Server\\controllers\\blogController.js": {"path":"C:\\Users\\Andela\\Desktop\\CapstoneProject\\Server\\controllers\\blogController.js","statementMap":{"0":{"start":{"line":6,"column":15},"end":{"line":6,"column":91}},"1":{"start":{"line":7,"column":15},"end":{"line":7,"column":56}},"2":{"start":{"line":8,"column":2},"end":{"line":19,"column":5}},"3":{"start":{"line":10,"column":4},"end":{"line":13,"column":6}},"4":{"start":{"line":16,"column":4},"end":{"line":18,"column":6}},"5":{"start":{"line":23,"column":15},"end":{"line":23,"column":58}},"6":{"start":{"line":24,"column":25},"end":{"line":24,"column":85}},"7":{"start":{"line":25,"column":18},"end":{"line":25,"column":39}},"8":{"start":{"line":26,"column":27},"end":{"line":26,"column":85}},"9":{"start":{"line":26,"column":53},"end":{"line":26,"column":84}},"10":{"start":{"line":27,"column":2},"end":{"line":31,"column":3}},"11":{"start":{"line":28,"column":3},"end":{"line":30,"column":5}},"12":{"start":{"line":32,"column":2},"end":{"line":50,"column":3}},"13":{"start":{"line":33,"column":3},"end":{"line":38,"column":5}},"14":{"start":{"line":34,"column":4},"end":{"line":36,"column":5}},"15":{"start":{"line":35,"column":5},"end":{"line":35,"column":42}},"16":{"start":{"line":37,"column":4},"end":{"line":37,"column":35}},"17":{"start":{"line":39,"column":3},"end":{"line":39,"column":20}},"18":{"start":{"line":40,"column":3},"end":{"line":45,"column":5}},"19":{"start":{"line":47,"column":3},"end":{"line":49,"column":5}},"20":{"start":{"line":54,"column":15},"end":{"line":54,"column":57}},"21":{"start":{"line":55,"column":2},"end":{"line":59,"column":3}},"22":{"start":{"line":56,"column":3},"end":{"line":58,"column":5}},"23":{"start":{"line":61,"column":2},"end":{"line":61,"column":21}},"24":{"start":{"line":62,"column":2},"end":{"line":64,"column":4}},"25":{"start":{"line":68,"column":16},"end":{"line":68,"column":35}},"26":{"start":{"line":69,"column":2},"end":{"line":74,"column":4}},"27":{"start":{"line":78,"column":2},"end":{"line":90,"column":3}},"28":{"start":{"line":79,"column":16},"end":{"line":79,"column":58}},"29":{"start":{"line":80,"column":3},"end":{"line":82,"column":4}},"30":{"start":{"line":81,"column":4},"end":{"line":81,"column":21}},"31":{"start":{"line":83,"column":3},"end":{"line":83,"column":40}},"32":{"start":{"line":84,"column":3},"end":{"line":84,"column":35}},"33":{"start":{"line":86,"column":3},"end":{"line":89,"column":5}},"34":{"start":{"line":94,"column":2},"end":{"line":107,"column":3}},"35":{"start":{"line":95,"column":16},"end":{"line":95,"column":59}},"36":{"start":{"line":96,"column":3},"end":{"line":96,"column":31}},"37":{"start":{"line":96,"column":14},"end":{"line":96,"column":31}},"38":{"start":{"line":97,"column":3},"end":{"line":102,"column":5}},"39":{"start":{"line":104,"column":3},"end":{"line":106,"column":5}}},"fnMap":{"0":{"name":"(anonymous_0)","decl":{"start":{"line":5,"column":1},"end":{"line":5,"column":2}},"loc":{"start":{"line":5,"column":22},"end":{"line":20,"column":2}},"line":5},"1":{"name":"(anonymous_1)","decl":{"start":{"line":9,"column":9},"end":{"line":9,"column":10}},"loc":{"start":{"line":9,"column":19},"end":{"line":14,"column":4}},"line":9},"2":{"name":"(anonymous_2)","decl":{"start":{"line":15,"column":10},"end":{"line":15,"column":11}},"loc":{"start":{"line":15,"column":16},"end":{"line":19,"column":4}},"line":15},"3":{"name":"(anonymous_3)","decl":{"start":{"line":22,"column":1},"end":{"line":22,"column":2}},"loc":{"start":{"line":22,"column":24},"end":{"line":51,"column":2}},"line":22},"4":{"name":"(anonymous_4)","decl":{"start":{"line":26,"column":41},"end":{"line":26,"column":42}},"loc":{"start":{"line":26,"column":53},"end":{"line":26,"column":84}},"line":26},"5":{"name":"(anonymous_5)","decl":{"start":{"line":33,"column":19},"end":{"line":33,"column":20}},"loc":{"start":{"line":33,"column":31},"end":{"line":38,"column":4}},"line":33},"6":{"name":"(anonymous_6)","decl":{"start":{"line":53,"column":1},"end":{"line":53,"column":2}},"loc":{"start":{"line":53,"column":24},"end":{"line":65,"column":2}},"line":53},"7":{"name":"(anonymous_7)","decl":{"start":{"line":67,"column":1},"end":{"line":67,"column":2}},"loc":{"start":{"line":67,"column":24},"end":{"line":75,"column":2}},"line":67},"8":{"name":"(anonymous_8)","decl":{"start":{"line":77,"column":1},"end":{"line":77,"column":2}},"loc":{"start":{"line":77,"column":30},"end":{"line":91,"column":2}},"line":77},"9":{"name":"(anonymous_9)","decl":{"start":{"line":93,"column":1},"end":{"line":93,"column":2}},"loc":{"start":{"line":93,"column":25},"end":{"line":108,"column":2}},"line":93}},"branchMap":{"0":{"loc":{"start":{"line":27,"column":2},"end":{"line":31,"column":3}},"type":"if","locations":[{"start":{"line":27,"column":2},"end":{"line":31,"column":3}},{"start":{"line":27,"column":2},"end":{"line":31,"column":3}}],"line":27},"1":{"loc":{"start":{"line":34,"column":4},"end":{"line":36,"column":5}},"type":"if","locations":[{"start":{"line":34,"column":4},"end":{"line":36,"column":5}},{"start":{"line":34,"column":4},"end":{"line":36,"column":5}}],"line":34},"2":{"loc":{"start":{"line":55,"column":2},"end":{"line":59,"column":3}},"type":"if","locations":[{"start":{"line":55,"column":2},"end":{"line":59,"column":3}},{"start":{"line":55,"column":2},"end":{"line":59,"column":3}}],"line":55},"3":{"loc":{"start":{"line":80,"column":3},"end":{"line":82,"column":4}},"type":"if","locations":[{"start":{"line":80,"column":3},"end":{"line":82,"column":4}},{"start":{"line":80,"column":3},"end":{"line":82,"column":4}}],"line":80},"4":{"loc":{"start":{"line":80,"column":7},"end":{"line":80,"column":27}},"type":"binary-expr","locations":[{"start":{"line":80,"column":7},"end":{"line":80,"column":12}},{"start":{"line":80,"column":16},"end":{"line":80,"column":27}}],"line":80},"5":{"loc":{"start":{"line":96,"column":3},"end":{"line":96,"column":31}},"type":"if","locations":[{"start":{"line":96,"column":3},"end":{"line":96,"column":31}},{"start":{"line":96,"column":3},"end":{"line":96,"column":31}}],"line":96}},"s":{"0":2,"1":2,"2":2,"3":1,"4":1,"5":3,"6":3,"7":3,"8":3,"9":3,"10":3,"11":1,"12":2,"13":2,"14":2,"15":1,"16":1,"17":1,"18":1,"19":1,"20":2,"21":2,"22":1,"23":1,"24":1,"25":1,"26":1,"27":2,"28":2,"29":2,"30":1,"31":1,"32":1,"33":1,"34":2,"35":2,"36":2,"37":1,"38":1,"39":1},"f":{"0":2,"1":1,"2":1,"3":3,"4":3,"5":2,"6":2,"7":1,"8":2,"9":2},"b":{"0":[1,2],"1":[1,1],"2":[1,1],"3":[1,1],"4":[2,1],"5":[1,1]},"_coverageSchema":"1a1c01bbd47fc00a2c39e90264f33305004495a9","hash":"9f6edef59de11efdd030124a0a081dee07eaa3be"}
,"C:\\Users\\Andela\\Desktop\\CapstoneProject\\Server\\controllers\\commentController.js": {"path":"C:\\Users\\Andela\\Desktop\\CapstoneProject\\Server\\controllers\\commentController.js","statementMap":{"0":{"start":{"line":6,"column":2},"end":{"line":19,"column":3}},"1":{"start":{"line":7,"column":16},"end":{"line":7,"column":55}},"2":{"start":{"line":8,"column":19},"end":{"line":8,"column":64}},"3":{"start":{"line":9,"column":3},"end":{"line":9,"column":23}},"4":{"start":{"line":10,"column":3},"end":{"line":13,"column":5}},"5":{"start":{"line":15,"column":3},"end":{"line":18,"column":5}},"6":{"start":{"line":23,"column":19},"end":{"line":23,"column":62}},"7":{"start":{"line":24,"column":2},"end":{"line":27,"column":4}}},"fnMap":{"0":{"name":"(anonymous_0)","decl":{"start":{"line":5,"column":1},"end":{"line":5,"column":2}},"loc":{"start":{"line":5,"column":22},"end":{"line":20,"column":2}},"line":5},"1":{"name":"(anonymous_1)","decl":{"start":{"line":22,"column":1},"end":{"line":22,"column":2}},"loc":{"start":{"line":22,"column":24},"end":{"line":28,"column":2}},"line":22}},"branchMap":{},"s":{"0":2,"1":2,"2":2,"3":2,"4":1,"5":1,"6":1,"7":1},"f":{"0":2,"1":1},"b":{},"_coverageSchema":"1a1c01bbd47fc00a2c39e90264f33305004495a9","hash":"fafae8e6f30a8ebe67be4022e2469c92f0f3fe89"}
,"C:\\Users\\Andela\\Desktop\\CapstoneProject\\Server\\controllers\\contactController.js": {"path":"C:\\Users\\Andela\\Desktop\\CapstoneProject\\Server\\controllers\\contactController.js","statementMap":{"0":{"start":{"line":6,"column":15},"end":{"line":6,"column":83}},"1":{"start":{"line":7,"column":18},"end":{"line":7,"column":62}},"2":{"start":{"line":8,"column":2},"end":{"line":20,"column":5}},"3":{"start":{"line":10,"column":4},"end":{"line":13,"column":6}},"4":{"start":{"line":16,"column":4},"end":{"line":19,"column":6}},"5":{"start":{"line":24,"column":19},"end":{"line":24,"column":41}},"6":{"start":{"line":25,"column":2},"end":{"line":30,"column":4}}},"fnMap":{"0":{"name":"(anonymous_0)","decl":{"start":{"line":5,"column":1},"end":{"line":5,"column":2}},"loc":{"start":{"line":5,"column":22},"end":{"line":21,"column":2}},"line":5},"1":{"name":"(anonymous_1)","decl":{"start":{"line":9,"column":9},"end":{"line":9,"column":10}},"loc":{"start":{"line":9,"column":19},"end":{"line":14,"column":4}},"line":9},"2":{"name":"(anonymous_2)","decl":{"start":{"line":15,"column":10},"end":{"line":15,"column":11}},"loc":{"start":{"line":15,"column":19},"end":{"line":20,"column":4}},"line":15},"3":{"name":"(anonymous_3)","decl":{"start":{"line":23,"column":1},"end":{"line":23,"column":2}},"loc":{"start":{"line":23,"column":24},"end":{"line":31,"column":2}},"line":23}},"branchMap":{},"s":{"0":3,"1":3,"2":3,"3":1,"4":2,"5":1,"6":1},"f":{"0":3,"1":1,"2":2,"3":1},"b":{},"_coverageSchema":"1a1c01bbd47fc00a2c39e90264f33305004495a9","hash":"4134cd4abce1e931029263403c66c18571615a92"}
,"C:\\Users\\Andela\\Desktop\\CapstoneProject\\Server\\controllers\\portfolioController.js": {"path":"C:\\Users\\Andela\\Desktop\\CapstoneProject\\Server\\controllers\\portfolioController.js","statementMap":{"0":{"start":{"line":6,"column":15},"end":{"line":6,"column":72}},"1":{"start":{"line":7,"column":20},"end":{"line":7,"column":66}},"2":{"start":{"line":8,"column":2},"end":{"line":21,"column":5}},"3":{"start":{"line":10,"column":4},"end":{"line":13,"column":6}},"4":{"start":{"line":16,"column":4},"end":{"line":20,"column":6}},"5":{"start":{"line":25,"column":20},"end":{"line":25,"column":68}},"6":{"start":{"line":26,"column":25},"end":{"line":26,"column":66}},"7":{"start":{"line":27,"column":18},"end":{"line":27,"column":39}},"8":{"start":{"line":28,"column":27},"end":{"line":28,"column":85}},"9":{"start":{"line":28,"column":53},"end":{"line":28,"column":84}},"10":{"start":{"line":29,"column":2},"end":{"line":33,"column":3}},"11":{"start":{"line":30,"column":3},"end":{"line":32,"column":5}},"12":{"start":{"line":34,"column":2},"end":{"line":52,"column":3}},"13":{"start":{"line":35,"column":3},"end":{"line":40,"column":5}},"14":{"start":{"line":36,"column":4},"end":{"line":38,"column":5}},"15":{"start":{"line":37,"column":5},"end":{"line":37,"column":42}},"16":{"start":{"line":39,"column":4},"end":{"line":39,"column":40}},"17":{"start":{"line":41,"column":3},"end":{"line":41,"column":25}},"18":{"start":{"line":42,"column":3},"end":{"line":47,"column":5}},"19":{"start":{"line":49,"column":3},"end":{"line":51,"column":5}},"20":{"start":{"line":56,"column":20},"end":{"line":56,"column":67}},"21":{"start":{"line":57,"column":2},"end":{"line":61,"column":3}},"22":{"start":{"line":58,"column":3},"end":{"line":60,"column":5}},"23":{"start":{"line":63,"column":2},"end":{"line":63,"column":26}},"24":{"start":{"line":64,"column":2},"end":{"line":66,"column":4}},"25":{"start":{"line":70,"column":21},"end":{"line":70,"column":59}},"26":{"start":{"line":71,"column":2},"end":{"line":76,"column":4}},"27":{"start":{"line":80,"column":2},"end":{"line":92,"column":3}},"28":{"start":{"line":81,"column":21},"end":{"line":81,"column":68}},"29":{"start":{"line":82,"column":3},"end":{"line":84,"column":4}},"30":{"start":{"line":83,"column":4},"end":{"line":83,"column":21}},"31":{"start":{"line":85,"column":3},"end":{"line":85,"column":40}},"32":{"start":{"line":86,"column":3},"end":{"line":86,"column":40}},"33":{"start":{"line":88,"column":3},"end":{"line":91,"column":5}},"34":{"start":{"line":96,"column":2},"end":{"line":109,"column":3}},"35":{"start":{"line":97,"column":21},"end":{"line":97,"column":83}},"36":{"start":{"line":98,"column":3},"end":{"line":98,"column":36}},"37":{"start":{"line":98,"column":19},"end":{"line":98,"column":36}},"38":{"start":{"line":99,"column":3},"end":{"line":104,"column":5}},"39":{"start":{"line":106,"column":3},"end":{"line":108,"column":5}}},"fnMap":{"0":{"name":"(anonymous_0)","decl":{"start":{"line":5,"column":1},"end":{"line":5,"column":2}},"loc":{"start":{"line":5,"column":22},"end":{"line":22,"column":2}},"line":5},"1":{"name":"(anonymous_1)","decl":{"start":{"line":9,"column":9},"end":{"line":9,"column":10}},"loc":{"start":{"line":9,"column":19},"end":{"line":14,"column":4}},"line":9},"2":{"name":"(anonymous_2)","decl":{"start":{"line":15,"column":10},"end":{"line":15,"column":11}},"loc":{"start":{"line":15,"column":19},"end":{"line":21,"column":4}},"line":15},"3":{"name":"(anonymous_3)","decl":{"start":{"line":24,"column":1},"end":{"line":24,"column":2}},"loc":{"start":{"line":24,"column":24},"end":{"line":53,"column":2}},"line":24},"4":{"name":"(anonymous_4)","decl":{"start":{"line":28,"column":41},"end":{"line":28,"column":42}},"loc":{"start":{"line":28,"column":53},"end":{"line":28,"column":84}},"line":28},"5":{"name":"(anonymous_5)","decl":{"start":{"line":35,"column":19},"end":{"line":35,"column":20}},"loc":{"start":{"line":35,"column":31},"end":{"line":40,"column":4}},"line":35},"6":{"name":"(anonymous_6)","decl":{"start":{"line":55,"column":1},"end":{"line":55,"column":2}},"loc":{"start":{"line":55,"column":24},"end":{"line":67,"column":2}},"line":55},"7":{"name":"(anonymous_7)","decl":{"start":{"line":69,"column":1},"end":{"line":69,"column":2}},"loc":{"start":{"line":69,"column":24},"end":{"line":77,"column":2}},"line":69},"8":{"name":"(anonymous_8)","decl":{"start":{"line":79,"column":1},"end":{"line":79,"column":2}},"loc":{"start":{"line":79,"column":35},"end":{"line":93,"column":2}},"line":79},"9":{"name":"(anonymous_9)","decl":{"start":{"line":95,"column":1},"end":{"line":95,"column":2}},"loc":{"start":{"line":95,"column":25},"end":{"line":110,"column":2}},"line":95}},"branchMap":{"0":{"loc":{"start":{"line":29,"column":2},"end":{"line":33,"column":3}},"type":"if","locations":[{"start":{"line":29,"column":2},"end":{"line":33,"column":3}},{"start":{"line":29,"column":2},"end":{"line":33,"column":3}}],"line":29},"1":{"loc":{"start":{"line":36,"column":4},"end":{"line":38,"column":5}},"type":"if","locations":[{"start":{"line":36,"column":4},"end":{"line":38,"column":5}},{"start":{"line":36,"column":4},"end":{"line":38,"column":5}}],"line":36},"2":{"loc":{"start":{"line":57,"column":2},"end":{"line":61,"column":3}},"type":"if","locations":[{"start":{"line":57,"column":2},"end":{"line":61,"column":3}},{"start":{"line":57,"column":2},"end":{"line":61,"column":3}}],"line":57},"3":{"loc":{"start":{"line":82,"column":3},"end":{"line":84,"column":4}},"type":"if","locations":[{"start":{"line":82,"column":3},"end":{"line":84,"column":4}},{"start":{"line":82,"column":3},"end":{"line":84,"column":4}}],"line":82},"4":{"loc":{"start":{"line":82,"column":7},"end":{"line":82,"column":37}},"type":"binary-expr","locations":[{"start":{"line":82,"column":7},"end":{"line":82,"column":17}},{"start":{"line":82,"column":21},"end":{"line":82,"column":37}}],"line":82},"5":{"loc":{"start":{"line":98,"column":3},"end":{"line":98,"column":36}},"type":"if","locations":[{"start":{"line":98,"column":3},"end":{"line":98,"column":36}},{"start":{"line":98,"column":3},"end":{"line":98,"column":36}}],"line":98}},"s":{"0":2,"1":2,"2":2,"3":1,"4":1,"5":3,"6":3,"7":3,"8":3,"9":3,"10":3,"11":1,"12":2,"13":2,"14":2,"15":1,"16":1,"17":1,"18":1,"19":1,"20":2,"21":2,"22":1,"23":1,"24":1,"25":1,"26":1,"27":2,"28":2,"29":2,"30":1,"31":1,"32":1,"33":1,"34":2,"35":2,"36":2,"37":1,"38":1,"39":1},"f":{"0":2,"1":1,"2":1,"3":3,"4":3,"5":2,"6":2,"7":1,"8":2,"9":2},"b":{"0":[1,2],"1":[1,1],"2":[1,1],"3":[1,1],"4":[2,1],"5":[1,1]},"_coverageSchema":"1a1c01bbd47fc00a2c39e90264f33305004495a9","hash":"a26b0648e09465be209585c25c0af432f30ad39d"}
,"C:\\Users\\Andela\\Desktop\\CapstoneProject\\Server\\controllers\\userController.js": {"path":"C:\\Users\\Andela\\Desktop\\CapstoneProject\\Server\\controllers\\userController.js","statementMap":{"0":{"start":{"line":9,"column":2},"end":{"line":33,"column":3}},"1":{"start":{"line":10,"column":16},"end":{"line":10,"column":34}},"2":{"start":{"line":11,"column":25},"end":{"line":11,"column":72}},"3":{"start":{"line":12,"column":22},"end":{"line":12,"column":63}},"4":{"start":{"line":13,"column":19},"end":{"line":13,"column":58}},"5":{"start":{"line":14,"column":3},"end":{"line":18,"column":4}},"6":{"start":{"line":15,"column":4},"end":{"line":17,"column":6}},"7":{"start":{"line":19,"column":3},"end":{"line":19,"column":20}},"8":{"start":{"line":20,"column":21},"end":{"line":20,"column":51}},"9":{"start":{"line":21,"column":3},"end":{"line":27,"column":5}},"10":{"start":{"line":29,"column":3},"end":{"line":32,"column":5}},"11":{"start":{"line":37,"column":15},"end":{"line":37,"column":58}},"12":{"start":{"line":38,"column":25},"end":{"line":38,"column":80}},"13":{"start":{"line":39,"column":18},"end":{"line":39,"column":39}},"14":{"start":{"line":40,"column":27},"end":{"line":40,"column":85}},"15":{"start":{"line":40,"column":53},"end":{"line":40,"column":84}},"16":{"start":{"line":41,"column":2},"end":{"line":45,"column":3}},"17":{"start":{"line":42,"column":3},"end":{"line":44,"column":5}},"18":{"start":{"line":46,"column":2},"end":{"line":64,"column":3}},"19":{"start":{"line":47,"column":3},"end":{"line":52,"column":5}},"20":{"start":{"line":48,"column":4},"end":{"line":50,"column":5}},"21":{"start":{"line":49,"column":5},"end":{"line":49,"column":42}},"22":{"start":{"line":51,"column":4},"end":{"line":51,"column":35}},"23":{"start":{"line":53,"column":3},"end":{"line":53,"column":20}},"24":{"start":{"line":54,"column":3},"end":{"line":59,"column":5}},"25":{"start":{"line":61,"column":3},"end":{"line":63,"column":5}},"26":{"start":{"line":68,"column":16},"end":{"line":68,"column":50}},"27":{"start":{"line":69,"column":2},"end":{"line":74,"column":4}},"28":{"start":{"line":78,"column":15},"end":{"line":78,"column":57}},"29":{"start":{"line":79,"column":2},"end":{"line":83,"column":3}},"30":{"start":{"line":80,"column":3},"end":{"line":82,"column":5}},"31":{"start":{"line":84,"column":2},"end":{"line":88,"column":3}},"32":{"start":{"line":85,"column":3},"end":{"line":87,"column":5}},"33":{"start":{"line":89,"column":2},"end":{"line":89,"column":39}},"34":{"start":{"line":90,"column":2},"end":{"line":90,"column":35}},"35":{"start":{"line":94,"column":2},"end":{"line":122,"column":3}},"36":{"start":{"line":95,"column":16},"end":{"line":95,"column":53}},"37":{"start":{"line":96,"column":16},"end":{"line":96,"column":71}},"38":{"start":{"line":97,"column":21},"end":{"line":97,"column":51}},"39":{"start":{"line":98,"column":3},"end":{"line":107,"column":5}},"40":{"start":{"line":109,"column":3},"end":{"line":113,"column":4}},"41":{"start":{"line":110,"column":4},"end":{"line":112,"column":6}},"42":{"start":{"line":114,"column":3},"end":{"line":118,"column":4}},"43":{"start":{"line":115,"column":4},"end":{"line":117,"column":6}},"44":{"start":{"line":119,"column":3},"end":{"line":121,"column":5}}},"fnMap":{"0":{"name":"(anonymous_0)","decl":{"start":{"line":8,"column":1},"end":{"line":8,"column":2}},"loc":{"start":{"line":8,"column":22},"end":{"line":34,"column":2}},"line":8},"1":{"name":"(anonymous_1)","decl":{"start":{"line":36,"column":1},"end":{"line":36,"column":2}},"loc":{"start":{"line":36,"column":24},"end":{"line":65,"column":2}},"line":36},"2":{"name":"(anonymous_2)","decl":{"start":{"line":40,"column":41},"end":{"line":40,"column":42}},"loc":{"start":{"line":40,"column":53},"end":{"line":40,"column":84}},"line":40},"3":{"name":"(anonymous_3)","decl":{"start":{"line":47,"column":19},"end":{"line":47,"column":20}},"loc":{"start":{"line":47,"column":31},"end":{"line":52,"column":4}},"line":47},"4":{"name":"(anonymous_4)","decl":{"start":{"line":67,"column":1},"end":{"line":67,"column":2}},"loc":{"start":{"line":67,"column":24},"end":{"line":75,"column":2}},"line":67},"5":{"name":"(anonymous_5)","decl":{"start":{"line":77,"column":1},"end":{"line":77,"column":2}},"loc":{"start":{"line":77,"column":35},"end":{"line":91,"column":2}},"line":77},"6":{"name":"(anonymous_6)","decl":{"start":{"line":93,"column":1},"end":{"line":93,"column":2}},"loc":{"start":{"line":93,"column":23},"end":{"line":123,"column":2}},"line":93}},"branchMap":{"0":{"loc":{"start":{"line":13,"column":19},"end":{"line":13,"column":58}},"type":"cond-expr","locations":[{"start":{"line":13,"column":37},"end":{"line":13,"column":41}},{"start":{"line":13,"column":44},"end":{"line":13,"column":58}}],"line":13},"1":{"loc":{"start":{"line":14,"column":3},"end":{"line":18,"column":4}},"type":"if","locations":[{"start":{"line":14,"column":3},"end":{"line":18,"column":4}},{"start":{"line":14,"column":3},"end":{"line":18,"column":4}}],"line":14},"2":{"loc":{"start":{"line":41,"column":2},"end":{"line":45,"column":3}},"type":"if","locations":[{"start":{"line":41,"column":2},"end":{"line":45,"column":3}},{"start":{"line":41,"column":2},"end":{"line":45,"column":3}}],"line":41},"3":{"loc":{"start":{"line":48,"column":4},"end":{"line":50,"column":5}},"type":"if","locations":[{"start":{"line":48,"column":4},"end":{"line":50,"column":5}},{"start":{"line":48,"column":4},"end":{"line":50,"column":5}}],"line":48},"4":{"loc":{"start":{"line":79,"column":2},"end":{"line":83,"column":3}},"type":"if","locations":[{"start":{"line":79,"column":2},"end":{"line":83,"column":3}},{"start":{"line":79,"column":2},"end":{"line":83,"column":3}}],"line":79},"5":{"loc":{"start":{"line":84,"column":2},"end":{"line":88,"column":3}},"type":"if","locations":[{"start":{"line":84,"column":2},"end":{"line":88,"column":3}},{"start":{"line":84,"column":2},"end":{"line":88,"column":3}}],"line":84},"6":{"loc":{"start":{"line":109,"column":3},"end":{"line":113,"column":4}},"type":"if","locations":[{"start":{"line":109,"column":3},"end":{"line":113,"column":4}},{"start":{"line":109,"column":3},"end":{"line":113,"column":4}}],"line":109},"7":{"loc":{"start":{"line":114,"column":3},"end":{"line":118,"column":4}},"type":"if","locations":[{"start":{"line":114,"column":3},"end":{"line":118,"column":4}},{"start":{"line":114,"column":3},"end":{"line":118,"column":4}}],"line":114}},"s":{"0":5,"1":5,"2":5,"3":5,"4":5,"5":5,"6":1,"7":4,"8":1,"9":1,"10":3,"11":3,"12":3,"13":3,"14":3,"15":9,"16":3,"17":1,"18":2,"19":2,"20":5,"21":1,"22":4,"23":1,"24":1,"25":1,"26":1,"27":1,"28":3,"29":3,"30":1,"31":2,"32":1,"33":1,"34":1,"35":6,"36":6,"37":6,"38":2,"39":2,"40":4,"41":1,"42":3,"43":2,"44":1},"f":{"0":5,"1":3,"2":9,"3":5,"4":1,"5":3,"6":6},"b":{"0":[1,4],"1":[1,4],"2":[1,2],"3":[1,4],"4":[1,2],"5":[1,1],"6":[1,3],"7":[2,1]},"_coverageSchema":"1a1c01bbd47fc00a2c39e90264f33305004495a9","hash":"9679a7042a827a274537f7d2ce5bf0d95d050a9a"}
,"C:\\Users\\Andela\\Desktop\\CapstoneProject\\Server\\helpers\\database.js": {"path":"C:\\Users\\Andela\\Desktop\\CapstoneProject\\Server\\helpers\\database.js","statementMap":{"0":{"start":{"line":4,"column":0},"end":{"line":10,"column":2}}},"fnMap":{},"branchMap":{"0":{"loc":{"start":{"line":4,"column":17},"end":{"line":4,"column":95}},"type":"cond-expr","locations":[{"start":{"line":4,"column":51},"end":{"line":4,"column":74}},{"start":{"line":4,"column":77},"end":{"line":4,"column":95}}],"line":4}},"s":{"0":5},"f":{},"b":{"0":[5,0]},"_coverageSchema":"1a1c01bbd47fc00a2c39e90264f33305004495a9","hash":"1ef928c2f255fc4126e1ff98b43d24db21c8f63d"}
,"C:\\Users\\Andela\\Desktop\\CapstoneProject\\Server\\middleware\\BlogImageProcessor.js": {"path":"C:\\Users\\Andela\\Desktop\\CapstoneProject\\Server\\middleware\\BlogImageProcessor.js","statementMap":{"0":{"start":{"line":3,"column":23},"end":{"line":11,"column":1}},"1":{"start":{"line":4,"column":1},"end":{"line":10,"column":2}},"2":{"start":{"line":5,"column":17},"end":{"line":5,"column":63}},"3":{"start":{"line":6,"column":2},"end":{"line":6,"column":25}},"4":{"start":{"line":7,"column":2},"end":{"line":7,"column":8}},"5":{"start":{"line":9,"column":2},"end":{"line":9,"column":8}}},"fnMap":{"0":{"name":"(anonymous_0)","decl":{"start":{"line":3,"column":23},"end":{"line":3,"column":24}},"loc":{"start":{"line":3,"column":49},"end":{"line":11,"column":1}},"line":3}},"branchMap":{"0":{"loc":{"start":{"line":4,"column":1},"end":{"line":10,"column":2}},"type":"if","locations":[{"start":{"line":4,"column":1},"end":{"line":10,"column":2}},{"start":{"line":4,"column":1},"end":{"line":10,"column":2}}],"line":4}},"s":{"0":5,"1":10,"2":0,"3":0,"4":0,"5":10},"f":{"0":10},"b":{"0":[0,10]},"_coverageSchema":"1a1c01bbd47fc00a2c39e90264f33305004495a9","hash":"5594a08e21e4d09e3f54fd3689c1d13f3673b8ab"}
,"C:\\Users\\Andela\\Desktop\\CapstoneProject\\Server\\middleware\\UserImageProcessor.js": {"path":"C:\\Users\\Andela\\Desktop\\CapstoneProject\\Server\\middleware\\UserImageProcessor.js","statementMap":{"0":{"start":{"line":3,"column":23},"end":{"line":11,"column":1}},"1":{"start":{"line":4,"column":1},"end":{"line":10,"column":2}},"2":{"start":{"line":5,"column":17},"end":{"line":5,"column":63}},"3":{"start":{"line":6,"column":2},"end":{"line":6,"column":26}},"4":{"start":{"line":7,"column":2},"end":{"line":7,"column":8}},"5":{"start":{"line":9,"column":2},"end":{"line":9,"column":8}}},"fnMap":{"0":{"name":"(anonymous_0)","decl":{"start":{"line":3,"column":23},"end":{"line":3,"column":24}},"loc":{"start":{"line":3,"column":49},"end":{"line":11,"column":1}},"line":3}},"branchMap":{"0":{"loc":{"start":{"line":4,"column":1},"end":{"line":10,"column":2}},"type":"if","locations":[{"start":{"line":4,"column":1},"end":{"line":10,"column":2}},{"start":{"line":4,"column":1},"end":{"line":10,"column":2}}],"line":4}},"s":{"0":5,"1":8,"2":0,"3":0,"4":0,"5":8},"f":{"0":8},"b":{"0":[0,8]},"_coverageSchema":"1a1c01bbd47fc00a2c39e90264f33305004495a9","hash":"382739cc25e9ddc47bbc9b0c4dfe1d9c746faa79"}
,"C:\\Users\\Andela\\Desktop\\CapstoneProject\\Server\\middleware\\auth.js": {"path":"C:\\Users\\Andela\\Desktop\\CapstoneProject\\Server\\middleware\\auth.js","statementMap":{"0":{"start":{"line":7,"column":20},"end":{"line":22,"column":1}},"1":{"start":{"line":8,"column":1},"end":{"line":21,"column":2}},"2":{"start":{"line":9,"column":16},"end":{"line":9,"column":66}},"3":{"start":{"line":10,"column":18},"end":{"line":10,"column":63}},"4":{"start":{"line":11,"column":15},"end":{"line":11,"column":77}},"5":{"start":{"line":15,"column":2},"end":{"line":15,"column":17}},"6":{"start":{"line":16,"column":2},"end":{"line":16,"column":8}},"7":{"start":{"line":18,"column":2},"end":{"line":20,"column":4}}},"fnMap":{"0":{"name":"(anonymous_0)","decl":{"start":{"line":7,"column":20},"end":{"line":7,"column":21}},"loc":{"start":{"line":7,"column":46},"end":{"line":22,"column":1}},"line":7}},"branchMap":{},"s":{"0":5,"1":28,"2":28,"3":24,"4":24,"5":24,"6":24,"7":4},"f":{"0":28},"b":{},"_coverageSchema":"1a1c01bbd47fc00a2c39e90264f33305004495a9","hash":"bb79d0783d358d36923c87ecf27a819aa5a2e959"}
,"C:\\Users\\Andela\\Desktop\\CapstoneProject\\Server\\middleware\\verifyAdmin.js": {"path":"C:\\Users\\Andela\\Desktop\\CapstoneProject\\Server\\middleware\\verifyAdmin.js","statementMap":{"0":{"start":{"line":3,"column":19},"end":{"line":11,"column":1}},"1":{"start":{"line":4,"column":1},"end":{"line":10,"column":2}},"2":{"start":{"line":5,"column":2},"end":{"line":5,"column":8}},"3":{"start":{"line":7,"column":2},"end":{"line":9,"column":4}}},"fnMap":{"0":{"name":"(anonymous_0)","decl":{"start":{"line":3,"column":19},"end":{"line":3,"column":20}},"loc":{"start":{"line":3,"column":45},"end":{"line":11,"column":1}},"line":3}},"branchMap":{"0":{"loc":{"start":{"line":4,"column":1},"end":{"line":10,"column":2}},"type":"if","locations":[{"start":{"line":4,"column":1},"end":{"line":10,"column":2}},{"start":{"line":4,"column":1},"end":{"line":10,"column":2}}],"line":4}},"s":{"0":5,"1":6,"2":4,"3":2},"f":{"0":6},"b":{"0":[4,2]},"_coverageSchema":"1a1c01bbd47fc00a2c39e90264f33305004495a9","hash":"ebf183a18c6bbea51fd64af638b8635411e2d2fa"}
,"C:\\Users\\Andela\\Desktop\\CapstoneProject\\Server\\models\\Blog.js": {"path":"C:\\Users\\Andela\\Desktop\\CapstoneProject\\Server\\models\\Blog.js","statementMap":{"0":{"start":{"line":3,"column":19},"end":{"line":35,"column":24}},"1":{"start":{"line":37,"column":13},"end":{"line":37,"column":47}}},"fnMap":{},"branchMap":{},"s":{"0":5,"1":5},"f":{},"b":{},"_coverageSchema":"1a1c01bbd47fc00a2c39e90264f33305004495a9","hash":"c8cf167e51cd4da61633f6ac34866bf11855c73f"}
,"C:\\Users\\Andela\\Desktop\\CapstoneProject\\Server\\models\\Contact.js": {"path":"C:\\Users\\Andela\\Desktop\\CapstoneProject\\Server\\models\\Contact.js","statementMap":{"0":{"start":{"line":4,"column":22},"end":{"line":41,"column":24}},"1":{"start":{"line":15,"column":3},"end":{"line":17,"column":4}},"2":{"start":{"line":16,"column":4},"end":{"line":16,"column":39}},"3":{"start":{"line":43,"column":16},"end":{"line":43,"column":56}}},"fnMap":{"0":{"name":"(anonymous_0)","decl":{"start":{"line":14,"column":2},"end":{"line":14,"column":3}},"loc":{"start":{"line":14,"column":18},"end":{"line":18,"column":3}},"line":14}},"branchMap":{"0":{"loc":{"start":{"line":15,"column":3},"end":{"line":17,"column":4}},"type":"if","locations":[{"start":{"line":15,"column":3},"end":{"line":17,"column":4}},{"start":{"line":15,"column":3},"end":{"line":17,"column":4}}],"line":15}},"s":{"0":5,"1":2,"2":1,"3":5},"f":{"0":2},"b":{"0":[1,1]},"_coverageSchema":"1a1c01bbd47fc00a2c39e90264f33305004495a9","hash":"af7a40930e3220b588e7589e28087b3b210c2301"}
,"C:\\Users\\Andela\\Desktop\\CapstoneProject\\Server\\models\\Portfolio.js": {"path":"C:\\Users\\Andela\\Desktop\\CapstoneProject\\Server\\models\\Portfolio.js","statementMap":{"0":{"start":{"line":3,"column":24},"end":{"line":27,"column":24}},"1":{"start":{"line":29,"column":18},"end":{"line":29,"column":62}}},"fnMap":{},"branchMap":{},"s":{"0":5,"1":5},"f":{},"b":{},"_coverageSchema":"1a1c01bbd47fc00a2c39e90264f33305004495a9","hash":"2f329edf19b1453a8a1659199bd6ff81fae72652"}
,"C:\\Users\\Andela\\Desktop\\CapstoneProject\\Server\\models\\User.js": {"path":"C:\\Users\\Andela\\Desktop\\CapstoneProject\\Server\\models\\User.js","statementMap":{"0":{"start":{"line":11,"column":19},"end":{"line":42,"column":24}},"1":{"start":{"line":34,"column":3},"end":{"line":36,"column":4}},"2":{"start":{"line":35,"column":4},"end":{"line":35,"column":39}},"3":{"start":{"line":44,"column":0},"end":{"line":50,"column":1}},"4":{"start":{"line":45,"column":14},"end":{"line":45,"column":18}},"5":{"start":{"line":46,"column":21},"end":{"line":48,"column":2}},"6":{"start":{"line":49,"column":1},"end":{"line":49,"column":19}},"7":{"start":{"line":52,"column":0},"end":{"line":58,"column":2}},"8":{"start":{"line":53,"column":14},"end":{"line":53,"column":18}},"9":{"start":{"line":54,"column":1},"end":{"line":56,"column":2}},"10":{"start":{"line":55,"column":2},"end":{"line":55,"column":54}},"11":{"start":{"line":57,"column":1},"end":{"line":57,"column":7}},"12":{"start":{"line":59,"column":0},"end":{"line":69,"column":1}},"13":{"start":{"line":60,"column":14},"end":{"line":60,"column":43}},"14":{"start":{"line":61,"column":1},"end":{"line":63,"column":2}},"15":{"start":{"line":62,"column":2},"end":{"line":62,"column":36}},"16":{"start":{"line":64,"column":17},"end":{"line":64,"column":62}},"17":{"start":{"line":65,"column":1},"end":{"line":67,"column":2}},"18":{"start":{"line":66,"column":2},"end":{"line":66,"column":51}},"19":{"start":{"line":68,"column":1},"end":{"line":68,"column":12}},"20":{"start":{"line":71,"column":13},"end":{"line":71,"column":47}}},"fnMap":{"0":{"name":"(anonymous_0)","decl":{"start":{"line":33,"column":2},"end":{"line":33,"column":3}},"loc":{"start":{"line":33,"column":18},"end":{"line":37,"column":3}},"line":33},"1":{"name":"(anonymous_1)","decl":{"start":{"line":44,"column":39},"end":{"line":44,"column":40}},"loc":{"start":{"line":44,"column":57},"end":{"line":50,"column":1}},"line":44},"2":{"name":"(anonymous_2)","decl":{"start":{"line":52,"column":23},"end":{"line":52,"column":24}},"loc":{"start":{"line":52,"column":45},"end":{"line":58,"column":1}},"line":52},"3":{"name":"(anonymous_3)","decl":{"start":{"line":59,"column":39},"end":{"line":59,"column":40}},"loc":{"start":{"line":59,"column":66},"end":{"line":69,"column":1}},"line":59}},"branchMap":{"0":{"loc":{"start":{"line":34,"column":3},"end":{"line":36,"column":4}},"type":"if","locations":[{"start":{"line":34,"column":3},"end":{"line":36,"column":4}},{"start":{"line":34,"column":3},"end":{"line":36,"column":4}}],"line":34},"1":{"loc":{"start":{"line":54,"column":1},"end":{"line":56,"column":2}},"type":"if","locations":[{"start":{"line":54,"column":1},"end":{"line":56,"column":2}},{"start":{"line":54,"column":1},"end":{"line":56,"column":2}}],"line":54},"2":{"loc":{"start":{"line":61,"column":1},"end":{"line":63,"column":2}},"type":"if","locations":[{"start":{"line":61,"column":1},"end":{"line":63,"column":2}},{"start":{"line":61,"column":1},"end":{"line":63,"column":2}}],"line":61},"3":{"loc":{"start":{"line":65,"column":1},"end":{"line":67,"column":2}},"type":"if","locations":[{"start":{"line":65,"column":1},"end":{"line":67,"column":2}},{"start":{"line":65,"column":1},"end":{"line":67,"column":2}}],"line":65}},"s":{"0":5,"1":53,"2":2,"3":5,"4":35,"5":35,"6":35,"7":5,"8":50,"9":50,"10":50,"11":50,"12":5,"13":6,"14":6,"15":2,"16":4,"17":3,"18":1,"19":2,"20":5},"f":{"0":53,"1":35,"2":50,"3":6},"b":{"0":[2,51],"1":[50,0],"2":[2,4],"3":[1,2]},"_coverageSchema":"1a1c01bbd47fc00a2c39e90264f33305004495a9","hash":"45b019999e9d514127618cf96b959a438941a89c"}
,"C:\\Users\\Andela\\Desktop\\CapstoneProject\\Server\\models\\comment.js": {"path":"C:\\Users\\Andela\\Desktop\\CapstoneProject\\Server\\models\\comment.js","statementMap":{"0":{"start":{"line":3,"column":22},"end":{"line":17,"column":24}},"1":{"start":{"line":19,"column":16},"end":{"line":19,"column":56}}},"fnMap":{},"branchMap":{},"s":{"0":5,"1":5},"f":{},"b":{},"_coverageSchema":"1a1c01bbd47fc00a2c39e90264f33305004495a9","hash":"eb0639be0f821d786dda0be2eab0c80f4b139564"}
,"C:\\Users\\Andela\\Desktop\\CapstoneProject\\Server\\routes\\blogRouters.js": {"path":"C:\\Users\\Andela\\Desktop\\CapstoneProject\\Server\\routes\\blogRouters.js","statementMap":{"0":{"start":{"line":9,"column":19},"end":{"line":9,"column":35}},"1":{"start":{"line":11,"column":0},"end":{"line":11,"column":118}},"2":{"start":{"line":12,"column":0},"end":{"line":12,"column":111}},"3":{"start":{"line":13,"column":0},"end":{"line":13,"column":74}},"4":{"start":{"line":14,"column":0},"end":{"line":14,"column":54}},"5":{"start":{"line":15,"column":0},"end":{"line":15,"column":70}},"6":{"start":{"line":16,"column":0},"end":{"line":16,"column":59}}},"fnMap":{},"branchMap":{},"s":{"0":5,"1":5,"2":5,"3":5,"4":5,"5":5,"6":5},"f":{},"b":{},"_coverageSchema":"1a1c01bbd47fc00a2c39e90264f33305004495a9","hash":"0dd1e408cdc790af81228666761555304f969d7c"}
,"C:\\Users\\Andela\\Desktop\\CapstoneProject\\Server\\routes\\commentRouters.js": {"path":"C:\\Users\\Andela\\Desktop\\CapstoneProject\\Server\\routes\\commentRouters.js","statementMap":{"0":{"start":{"line":5,"column":22},"end":{"line":5,"column":38}},"1":{"start":{"line":7,"column":0},"end":{"line":7,"column":79}},"2":{"start":{"line":8,"column":0},"end":{"line":8,"column":67}}},"fnMap":{},"branchMap":{},"s":{"0":5,"1":5,"2":5},"f":{},"b":{},"_coverageSchema":"1a1c01bbd47fc00a2c39e90264f33305004495a9","hash":"d65b0a8899a49c66344670750df92b2b07ad5aa2"}
,"C:\\Users\\Andela\\Desktop\\CapstoneProject\\Server\\routes\\contactRouters.js": {"path":"C:\\Users\\Andela\\Desktop\\CapstoneProject\\Server\\routes\\contactRouters.js","statementMap":{"0":{"start":{"line":5,"column":22},"end":{"line":5,"column":38}},"1":{"start":{"line":7,"column":0},"end":{"line":7,"column":74}},"2":{"start":{"line":8,"column":0},"end":{"line":8,"column":63}}},"fnMap":{},"branchMap":{},"s":{"0":5,"1":5,"2":5},"f":{},"b":{},"_coverageSchema":"1a1c01bbd47fc00a2c39e90264f33305004495a9","hash":"fb7767e187568ac825fc37b159f71f15c34b1335"}
,"C:\\Users\\Andela\\Desktop\\CapstoneProject\\Server\\routes\\portfolioRouters.js": {"path":"C:\\Users\\Andela\\Desktop\\CapstoneProject\\Server\\routes\\portfolioRouters.js","statementMap":{"0":{"start":{"line":8,"column":24},"end":{"line":8,"column":40}},"1":{"start":{"line":10,"column":0},"end":{"line":10,"column":133}},"2":{"start":{"line":11,"column":0},"end":{"line":11,"column":126}},"3":{"start":{"line":12,"column":0},"end":{"line":12,"column":89}},"4":{"start":{"line":13,"column":0},"end":{"line":13,"column":69}},"5":{"start":{"line":14,"column":0},"end":{"line":14,"column":90}},"6":{"start":{"line":15,"column":0},"end":{"line":15,"column":74}}},"fnMap":{},"branchMap":{},"s":{"0":5,"1":5,"2":5,"3":5,"4":5,"5":5,"6":5},"f":{},"b":{},"_coverageSchema":"1a1c01bbd47fc00a2c39e90264f33305004495a9","hash":"6e736bc57e61d8f2abee555a738523529f30e6b8"}
,"C:\\Users\\Andela\\Desktop\\CapstoneProject\\Server\\routes\\userRouters.js": {"path":"C:\\Users\\Andela\\Desktop\\CapstoneProject\\Server\\routes\\userRouters.js","statementMap":{"0":{"start":{"line":8,"column":19},"end":{"line":8,"column":35}},"1":{"start":{"line":10,"column":0},"end":{"line":10,"column":101}},"2":{"start":{"line":11,"column":0},"end":{"line":11,"column":110}},"3":{"start":{"line":12,"column":0},"end":{"line":12,"column":54}},"4":{"start":{"line":13,"column":0},"end":{"line":13,"column":75}},"5":{"start":{"line":14,"column":0},"end":{"line":14,"column":59}}},"fnMap":{},"branchMap":{},"s":{"0":5,"1":5,"2":5,"3":5,"4":5,"5":5},"f":{},"b":{},"_coverageSchema":"1a1c01bbd47fc00a2c39e90264f33305004495a9","hash":"9f51c384bcd4c18c45ffd22beb94a380baa7dc54"}
}
