{"C:\\Users\\Andela\\Desktop\\CapstoneProject\\Server\\app.js": {"path":"C:\\Users\\Andela\\Desktop\\CapstoneProject\\Server\\app.js","statementMap":{"0":{"start":{"line":9,"column":0},"end":{"line":9,"column":29}},"1":{"start":{"line":11,"column":12},"end":{"line":11,"column":21}},"2":{"start":{"line":13,"column":0},"end":{"line":13,"column":23}},"3":{"start":{"line":14,"column":0},"end":{"line":14,"column":48}},"4":{"start":{"line":16,"column":0},"end":{"line":23,"column":2}},"5":{"start":{"line":17,"column":1},"end":{"line":17,"column":50}},"6":{"start":{"line":18,"column":1},"end":{"line":21,"column":2}},"7":{"start":{"line":22,"column":1},"end":{"line":22,"column":7}},"8":{"start":{"line":25,"column":0},"end":{"line":25,"column":19}},"9":{"start":{"line":26,"column":0},"end":{"line":26,"column":19}},"10":{"start":{"line":27,"column":0},"end":{"line":27,"column":22}},"11":{"start":{"line":28,"column":0},"end":{"line":28,"column":24}},"12":{"start":{"line":29,"column":0},"end":{"line":29,"column":22}}},"fnMap":{"0":{"name":"(anonymous_0)","decl":{"start":{"line":16,"column":8},"end":{"line":16,"column":9}},"loc":{"start":{"line":16,"column":28},"end":{"line":23,"column":1}},"line":16}},"branchMap":{},"s":{"0":2,"1":2,"2":2,"3":2,"4":2,"5":13,"6":13,"7":13,"8":2,"9":2,"10":2,"11":2,"12":2},"f":{"0":13},"b":{},"_coverageSchema":"1a1c01bbd47fc00a2c39e90264f33305004495a9","hash":"3b94d4e1b5447935649e02031e104f7c2a366c24"}
,"C:\\Users\\Andela\\Desktop\\CapstoneProject\\Server\\config\\multerConfig.js": {"path":"C:\\Users\\Andela\\Desktop\\CapstoneProject\\Server\\config\\multerConfig.js","statementMap":{"0":{"start":{"line":3,"column":15},"end":{"line":7,"column":2}}},"fnMap":{},"branchMap":{},"s":{"0":2},"f":{},"b":{},"_coverageSchema":"1a1c01bbd47fc00a2c39e90264f33305004495a9","hash":"0a201ac71630194eb57bb921ac9ff59ae4f34edd"}
,"C:\\Users\\Andela\\Desktop\\CapstoneProject\\Server\\controllers\\blogController.js": {"path":"C:\\Users\\Andela\\Desktop\\CapstoneProject\\Server\\controllers\\blogController.js","statementMap":{"0":{"start":{"line":6,"column":15},"end":{"line":6,"column":91}},"1":{"start":{"line":7,"column":15},"end":{"line":7,"column":56}},"2":{"start":{"line":8,"column":2},"end":{"line":21,"column":5}},"3":{"start":{"line":10,"column":4},"end":{"line":13,"column":6}},"4":{"start":{"line":16,"column":4},"end":{"line":20,"column":6}},"5":{"start":{"line":25,"column":15},"end":{"line":25,"column":58}},"6":{"start":{"line":26,"column":25},"end":{"line":26,"column":85}},"7":{"start":{"line":27,"column":18},"end":{"line":27,"column":39}},"8":{"start":{"line":28,"column":27},"end":{"line":28,"column":85}},"9":{"start":{"line":28,"column":53},"end":{"line":28,"column":84}},"10":{"start":{"line":29,"column":2},"end":{"line":33,"column":3}},"11":{"start":{"line":30,"column":3},"end":{"line":32,"column":5}},"12":{"start":{"line":34,"column":2},"end":{"line":52,"column":3}},"13":{"start":{"line":35,"column":3},"end":{"line":37,"column":5}},"14":{"start":{"line":36,"column":4},"end":{"line":36,"column":35}},"15":{"start":{"line":38,"column":3},"end":{"line":38,"column":20}},"16":{"start":{"line":39,"column":3},"end":{"line":41,"column":4}},"17":{"start":{"line":40,"column":4},"end":{"line":40,"column":64}},"18":{"start":{"line":42,"column":3},"end":{"line":47,"column":5}},"19":{"start":{"line":49,"column":3},"end":{"line":51,"column":5}},"20":{"start":{"line":56,"column":2},"end":{"line":72,"column":3}},"21":{"start":{"line":57,"column":16},"end":{"line":57,"column":58}},"22":{"start":{"line":58,"column":3},"end":{"line":62,"column":4}},"23":{"start":{"line":59,"column":4},"end":{"line":61,"column":6}},"24":{"start":{"line":64,"column":3},"end":{"line":64,"column":22}},"25":{"start":{"line":65,"column":3},"end":{"line":67,"column":5}},"26":{"start":{"line":69,"column":3},"end":{"line":71,"column":5}},"27":{"start":{"line":76,"column":16},"end":{"line":76,"column":35}},"28":{"start":{"line":77,"column":2},"end":{"line":82,"column":4}},"29":{"start":{"line":86,"column":2},"end":{"line":98,"column":3}},"30":{"start":{"line":87,"column":16},"end":{"line":87,"column":58}},"31":{"start":{"line":88,"column":3},"end":{"line":90,"column":4}},"32":{"start":{"line":89,"column":4},"end":{"line":89,"column":21}},"33":{"start":{"line":91,"column":3},"end":{"line":91,"column":40}},"34":{"start":{"line":92,"column":3},"end":{"line":92,"column":35}},"35":{"start":{"line":94,"column":3},"end":{"line":97,"column":5}},"36":{"start":{"line":102,"column":2},"end":{"line":114,"column":3}},"37":{"start":{"line":103,"column":16},"end":{"line":103,"column":59}},"38":{"start":{"line":104,"column":3},"end":{"line":109,"column":5}},"39":{"start":{"line":111,"column":3},"end":{"line":113,"column":5}}},"fnMap":{"0":{"name":"(anonymous_0)","decl":{"start":{"line":5,"column":1},"end":{"line":5,"column":2}},"loc":{"start":{"line":5,"column":22},"end":{"line":22,"column":2}},"line":5},"1":{"name":"(anonymous_1)","decl":{"start":{"line":9,"column":9},"end":{"line":9,"column":10}},"loc":{"start":{"line":9,"column":19},"end":{"line":14,"column":4}},"line":9},"2":{"name":"(anonymous_2)","decl":{"start":{"line":15,"column":10},"end":{"line":15,"column":11}},"loc":{"start":{"line":15,"column":19},"end":{"line":21,"column":4}},"line":15},"3":{"name":"(anonymous_3)","decl":{"start":{"line":24,"column":1},"end":{"line":24,"column":2}},"loc":{"start":{"line":24,"column":24},"end":{"line":53,"column":2}},"line":24},"4":{"name":"(anonymous_4)","decl":{"start":{"line":28,"column":41},"end":{"line":28,"column":42}},"loc":{"start":{"line":28,"column":53},"end":{"line":28,"column":84}},"line":28},"5":{"name":"(anonymous_5)","decl":{"start":{"line":35,"column":19},"end":{"line":35,"column":20}},"loc":{"start":{"line":35,"column":31},"end":{"line":37,"column":4}},"line":35},"6":{"name":"(anonymous_6)","decl":{"start":{"line":55,"column":1},"end":{"line":55,"column":2}},"loc":{"start":{"line":55,"column":24},"end":{"line":73,"column":2}},"line":55},"7":{"name":"(anonymous_7)","decl":{"start":{"line":75,"column":1},"end":{"line":75,"column":2}},"loc":{"start":{"line":75,"column":24},"end":{"line":83,"column":2}},"line":75},"8":{"name":"(anonymous_8)","decl":{"start":{"line":85,"column":1},"end":{"line":85,"column":2}},"loc":{"start":{"line":85,"column":30},"end":{"line":99,"column":2}},"line":85},"9":{"name":"(anonymous_9)","decl":{"start":{"line":101,"column":1},"end":{"line":101,"column":2}},"loc":{"start":{"line":101,"column":25},"end":{"line":115,"column":2}},"line":101}},"branchMap":{"0":{"loc":{"start":{"line":29,"column":2},"end":{"line":33,"column":3}},"type":"if","locations":[{"start":{"line":29,"column":2},"end":{"line":33,"column":3}},{"start":{"line":29,"column":2},"end":{"line":33,"column":3}}],"line":29},"1":{"loc":{"start":{"line":39,"column":3},"end":{"line":41,"column":4}},"type":"if","locations":[{"start":{"line":39,"column":3},"end":{"line":41,"column":4}},{"start":{"line":39,"column":3},"end":{"line":41,"column":4}}],"line":39},"2":{"loc":{"start":{"line":58,"column":3},"end":{"line":62,"column":4}},"type":"if","locations":[{"start":{"line":58,"column":3},"end":{"line":62,"column":4}},{"start":{"line":58,"column":3},"end":{"line":62,"column":4}}],"line":58},"3":{"loc":{"start":{"line":88,"column":3},"end":{"line":90,"column":4}},"type":"if","locations":[{"start":{"line":88,"column":3},"end":{"line":90,"column":4}},{"start":{"line":88,"column":3},"end":{"line":90,"column":4}}],"line":88},"4":{"loc":{"start":{"line":88,"column":7},"end":{"line":88,"column":27}},"type":"binary-expr","locations":[{"start":{"line":88,"column":7},"end":{"line":88,"column":12}},{"start":{"line":88,"column":16},"end":{"line":88,"column":27}}],"line":88}},"s":{"0":0,"1":0,"2":0,"3":0,"4":0,"5":0,"6":0,"7":0,"8":0,"9":0,"10":0,"11":0,"12":0,"13":0,"14":0,"15":0,"16":0,"17":0,"18":0,"19":0,"20":0,"21":0,"22":0,"23":0,"24":0,"25":0,"26":0,"27":1,"28":1,"29":0,"30":0,"31":0,"32":0,"33":0,"34":0,"35":0,"36":0,"37":0,"38":0,"39":0},"f":{"0":0,"1":0,"2":0,"3":0,"4":0,"5":0,"6":0,"7":1,"8":0,"9":0},"b":{"0":[0,0],"1":[0,0],"2":[0,0],"3":[0,0],"4":[0,0]},"_coverageSchema":"1a1c01bbd47fc00a2c39e90264f33305004495a9","hash":"eeb1288b2b8dc5e7342ad68ff5d42defec25cdf6"}
,"C:\\Users\\Andela\\Desktop\\CapstoneProject\\Server\\controllers\\commentController.js": {"path":"C:\\Users\\Andela\\Desktop\\CapstoneProject\\Server\\controllers\\commentController.js","statementMap":{"0":{"start":{"line":6,"column":2},"end":{"line":19,"column":3}},"1":{"start":{"line":7,"column":16},"end":{"line":7,"column":55}},"2":{"start":{"line":8,"column":19},"end":{"line":8,"column":64}},"3":{"start":{"line":9,"column":3},"end":{"line":9,"column":23}},"4":{"start":{"line":10,"column":3},"end":{"line":13,"column":5}},"5":{"start":{"line":15,"column":3},"end":{"line":18,"column":5}},"6":{"start":{"line":23,"column":2},"end":{"line":34,"column":3}},"7":{"start":{"line":24,"column":20},"end":{"line":24,"column":63}},"8":{"start":{"line":25,"column":3},"end":{"line":28,"column":5}},"9":{"start":{"line":30,"column":3},"end":{"line":33,"column":5}}},"fnMap":{"0":{"name":"(anonymous_0)","decl":{"start":{"line":5,"column":1},"end":{"line":5,"column":2}},"loc":{"start":{"line":5,"column":22},"end":{"line":20,"column":2}},"line":5},"1":{"name":"(anonymous_1)","decl":{"start":{"line":22,"column":1},"end":{"line":22,"column":2}},"loc":{"start":{"line":22,"column":24},"end":{"line":35,"column":2}},"line":22}},"branchMap":{},"s":{"0":0,"1":0,"2":0,"3":0,"4":0,"5":0,"6":0,"7":0,"8":0,"9":0},"f":{"0":0,"1":0},"b":{},"_coverageSchema":"1a1c01bbd47fc00a2c39e90264f33305004495a9","hash":"f276e044b6ba1890dd4bb14925d6e571cd7b66eb"}
,"C:\\Users\\Andela\\Desktop\\CapstoneProject\\Server\\controllers\\contactController.js": {"path":"C:\\Users\\Andela\\Desktop\\CapstoneProject\\Server\\controllers\\contactController.js","statementMap":{"0":{"start":{"line":6,"column":15},"end":{"line":6,"column":83}},"1":{"start":{"line":7,"column":18},"end":{"line":7,"column":62}},"2":{"start":{"line":8,"column":2},"end":{"line":20,"column":5}},"3":{"start":{"line":10,"column":4},"end":{"line":13,"column":6}},"4":{"start":{"line":16,"column":4},"end":{"line":19,"column":6}},"5":{"start":{"line":24,"column":19},"end":{"line":24,"column":41}},"6":{"start":{"line":25,"column":2},"end":{"line":30,"column":4}}},"fnMap":{"0":{"name":"(anonymous_0)","decl":{"start":{"line":5,"column":1},"end":{"line":5,"column":2}},"loc":{"start":{"line":5,"column":22},"end":{"line":21,"column":2}},"line":5},"1":{"name":"(anonymous_1)","decl":{"start":{"line":9,"column":9},"end":{"line":9,"column":10}},"loc":{"start":{"line":9,"column":19},"end":{"line":14,"column":4}},"line":9},"2":{"name":"(anonymous_2)","decl":{"start":{"line":15,"column":10},"end":{"line":15,"column":11}},"loc":{"start":{"line":15,"column":19},"end":{"line":20,"column":4}},"line":15},"3":{"name":"(anonymous_3)","decl":{"start":{"line":23,"column":1},"end":{"line":23,"column":2}},"loc":{"start":{"line":23,"column":24},"end":{"line":31,"column":2}},"line":23}},"branchMap":{},"s":{"0":0,"1":0,"2":0,"3":0,"4":0,"5":0,"6":0},"f":{"0":0,"1":0,"2":0,"3":0},"b":{},"_coverageSchema":"1a1c01bbd47fc00a2c39e90264f33305004495a9","hash":"4134cd4abce1e931029263403c66c18571615a92"}
,"C:\\Users\\Andela\\Desktop\\CapstoneProject\\Server\\controllers\\portfolioController.js": {"path":"C:\\Users\\Andela\\Desktop\\CapstoneProject\\Server\\controllers\\portfolioController.js","statementMap":{"0":{"start":{"line":6,"column":15},"end":{"line":6,"column":72}},"1":{"start":{"line":7,"column":20},"end":{"line":7,"column":66}},"2":{"start":{"line":8,"column":2},"end":{"line":21,"column":5}},"3":{"start":{"line":10,"column":4},"end":{"line":13,"column":6}},"4":{"start":{"line":16,"column":4},"end":{"line":20,"column":6}},"5":{"start":{"line":25,"column":20},"end":{"line":25,"column":68}},"6":{"start":{"line":26,"column":25},"end":{"line":26,"column":66}},"7":{"start":{"line":27,"column":18},"end":{"line":27,"column":39}},"8":{"start":{"line":28,"column":27},"end":{"line":28,"column":85}},"9":{"start":{"line":28,"column":53},"end":{"line":28,"column":84}},"10":{"start":{"line":29,"column":2},"end":{"line":33,"column":3}},"11":{"start":{"line":30,"column":3},"end":{"line":32,"column":5}},"12":{"start":{"line":34,"column":2},"end":{"line":52,"column":3}},"13":{"start":{"line":35,"column":3},"end":{"line":37,"column":5}},"14":{"start":{"line":36,"column":4},"end":{"line":36,"column":40}},"15":{"start":{"line":38,"column":3},"end":{"line":38,"column":25}},"16":{"start":{"line":39,"column":3},"end":{"line":41,"column":4}},"17":{"start":{"line":40,"column":4},"end":{"line":40,"column":64}},"18":{"start":{"line":42,"column":3},"end":{"line":47,"column":5}},"19":{"start":{"line":49,"column":3},"end":{"line":51,"column":5}},"20":{"start":{"line":56,"column":2},"end":{"line":72,"column":3}},"21":{"start":{"line":57,"column":21},"end":{"line":57,"column":68}},"22":{"start":{"line":58,"column":3},"end":{"line":62,"column":4}},"23":{"start":{"line":59,"column":4},"end":{"line":61,"column":6}},"24":{"start":{"line":64,"column":3},"end":{"line":64,"column":27}},"25":{"start":{"line":65,"column":3},"end":{"line":67,"column":5}},"26":{"start":{"line":69,"column":3},"end":{"line":71,"column":5}},"27":{"start":{"line":76,"column":21},"end":{"line":76,"column":59}},"28":{"start":{"line":77,"column":2},"end":{"line":82,"column":4}},"29":{"start":{"line":86,"column":2},"end":{"line":98,"column":3}},"30":{"start":{"line":87,"column":21},"end":{"line":87,"column":68}},"31":{"start":{"line":88,"column":3},"end":{"line":90,"column":4}},"32":{"start":{"line":89,"column":4},"end":{"line":89,"column":21}},"33":{"start":{"line":91,"column":3},"end":{"line":91,"column":40}},"34":{"start":{"line":92,"column":3},"end":{"line":92,"column":40}},"35":{"start":{"line":94,"column":3},"end":{"line":97,"column":5}},"36":{"start":{"line":102,"column":2},"end":{"line":114,"column":3}},"37":{"start":{"line":103,"column":21},"end":{"line":103,"column":83}},"38":{"start":{"line":104,"column":3},"end":{"line":109,"column":5}},"39":{"start":{"line":111,"column":3},"end":{"line":113,"column":5}}},"fnMap":{"0":{"name":"(anonymous_0)","decl":{"start":{"line":5,"column":1},"end":{"line":5,"column":2}},"loc":{"start":{"line":5,"column":22},"end":{"line":22,"column":2}},"line":5},"1":{"name":"(anonymous_1)","decl":{"start":{"line":9,"column":9},"end":{"line":9,"column":10}},"loc":{"start":{"line":9,"column":19},"end":{"line":14,"column":4}},"line":9},"2":{"name":"(anonymous_2)","decl":{"start":{"line":15,"column":10},"end":{"line":15,"column":11}},"loc":{"start":{"line":15,"column":19},"end":{"line":21,"column":4}},"line":15},"3":{"name":"(anonymous_3)","decl":{"start":{"line":24,"column":1},"end":{"line":24,"column":2}},"loc":{"start":{"line":24,"column":24},"end":{"line":53,"column":2}},"line":24},"4":{"name":"(anonymous_4)","decl":{"start":{"line":28,"column":41},"end":{"line":28,"column":42}},"loc":{"start":{"line":28,"column":53},"end":{"line":28,"column":84}},"line":28},"5":{"name":"(anonymous_5)","decl":{"start":{"line":35,"column":19},"end":{"line":35,"column":20}},"loc":{"start":{"line":35,"column":31},"end":{"line":37,"column":4}},"line":35},"6":{"name":"(anonymous_6)","decl":{"start":{"line":55,"column":1},"end":{"line":55,"column":2}},"loc":{"start":{"line":55,"column":24},"end":{"line":73,"column":2}},"line":55},"7":{"name":"(anonymous_7)","decl":{"start":{"line":75,"column":1},"end":{"line":75,"column":2}},"loc":{"start":{"line":75,"column":24},"end":{"line":83,"column":2}},"line":75},"8":{"name":"(anonymous_8)","decl":{"start":{"line":85,"column":1},"end":{"line":85,"column":2}},"loc":{"start":{"line":85,"column":35},"end":{"line":99,"column":2}},"line":85},"9":{"name":"(anonymous_9)","decl":{"start":{"line":101,"column":1},"end":{"line":101,"column":2}},"loc":{"start":{"line":101,"column":25},"end":{"line":115,"column":2}},"line":101}},"branchMap":{"0":{"loc":{"start":{"line":29,"column":2},"end":{"line":33,"column":3}},"type":"if","locations":[{"start":{"line":29,"column":2},"end":{"line":33,"column":3}},{"start":{"line":29,"column":2},"end":{"line":33,"column":3}}],"line":29},"1":{"loc":{"start":{"line":39,"column":3},"end":{"line":41,"column":4}},"type":"if","locations":[{"start":{"line":39,"column":3},"end":{"line":41,"column":4}},{"start":{"line":39,"column":3},"end":{"line":41,"column":4}}],"line":39},"2":{"loc":{"start":{"line":58,"column":3},"end":{"line":62,"column":4}},"type":"if","locations":[{"start":{"line":58,"column":3},"end":{"line":62,"column":4}},{"start":{"line":58,"column":3},"end":{"line":62,"column":4}}],"line":58},"3":{"loc":{"start":{"line":88,"column":3},"end":{"line":90,"column":4}},"type":"if","locations":[{"start":{"line":88,"column":3},"end":{"line":90,"column":4}},{"start":{"line":88,"column":3},"end":{"line":90,"column":4}}],"line":88},"4":{"loc":{"start":{"line":88,"column":7},"end":{"line":88,"column":37}},"type":"binary-expr","locations":[{"start":{"line":88,"column":7},"end":{"line":88,"column":17}},{"start":{"line":88,"column":21},"end":{"line":88,"column":37}}],"line":88}},"s":{"0":0,"1":0,"2":0,"3":0,"4":0,"5":0,"6":0,"7":0,"8":0,"9":0,"10":0,"11":0,"12":0,"13":0,"14":0,"15":0,"16":0,"17":0,"18":0,"19":0,"20":0,"21":0,"22":0,"23":0,"24":0,"25":0,"26":0,"27":0,"28":0,"29":0,"30":0,"31":0,"32":0,"33":0,"34":0,"35":0,"36":0,"37":0,"38":0,"39":0},"f":{"0":0,"1":0,"2":0,"3":0,"4":0,"5":0,"6":0,"7":0,"8":0,"9":0},"b":{"0":[0,0],"1":[0,0],"2":[0,0],"3":[0,0],"4":[0,0]},"_coverageSchema":"1a1c01bbd47fc00a2c39e90264f33305004495a9","hash":"46af3c4cd5fde908d6140ab309e70e2901975673"}
,"C:\\Users\\Andela\\Desktop\\CapstoneProject\\Server\\controllers\\userController.js": {"path":"C:\\Users\\Andela\\Desktop\\CapstoneProject\\Server\\controllers\\userController.js","statementMap":{"0":{"start":{"line":9,"column":2},"end":{"line":33,"column":3}},"1":{"start":{"line":10,"column":16},"end":{"line":10,"column":34}},"2":{"start":{"line":11,"column":25},"end":{"line":11,"column":72}},"3":{"start":{"line":12,"column":22},"end":{"line":12,"column":63}},"4":{"start":{"line":13,"column":19},"end":{"line":13,"column":58}},"5":{"start":{"line":14,"column":3},"end":{"line":18,"column":4}},"6":{"start":{"line":15,"column":4},"end":{"line":17,"column":6}},"7":{"start":{"line":19,"column":3},"end":{"line":19,"column":20}},"8":{"start":{"line":20,"column":21},"end":{"line":20,"column":51}},"9":{"start":{"line":21,"column":3},"end":{"line":27,"column":5}},"10":{"start":{"line":29,"column":3},"end":{"line":32,"column":5}},"11":{"start":{"line":37,"column":2},"end":{"line":70,"column":3}},"12":{"start":{"line":38,"column":16},"end":{"line":38,"column":59}},"13":{"start":{"line":39,"column":26},"end":{"line":39,"column":81}},"14":{"start":{"line":40,"column":19},"end":{"line":40,"column":40}},"15":{"start":{"line":41,"column":28},"end":{"line":41,"column":86}},"16":{"start":{"line":41,"column":54},"end":{"line":41,"column":85}},"17":{"start":{"line":42,"column":3},"end":{"line":46,"column":4}},"18":{"start":{"line":43,"column":4},"end":{"line":45,"column":6}},"19":{"start":{"line":47,"column":3},"end":{"line":65,"column":4}},"20":{"start":{"line":48,"column":4},"end":{"line":50,"column":6}},"21":{"start":{"line":49,"column":5},"end":{"line":49,"column":36}},"22":{"start":{"line":51,"column":4},"end":{"line":51,"column":21}},"23":{"start":{"line":52,"column":4},"end":{"line":54,"column":5}},"24":{"start":{"line":53,"column":5},"end":{"line":53,"column":65}},"25":{"start":{"line":55,"column":4},"end":{"line":60,"column":6}},"26":{"start":{"line":62,"column":4},"end":{"line":64,"column":6}},"27":{"start":{"line":67,"column":3},"end":{"line":69,"column":5}},"28":{"start":{"line":74,"column":16},"end":{"line":74,"column":50}},"29":{"start":{"line":75,"column":2},"end":{"line":80,"column":4}},"30":{"start":{"line":84,"column":2},"end":{"line":103,"column":3}},"31":{"start":{"line":85,"column":16},"end":{"line":85,"column":58}},"32":{"start":{"line":86,"column":3},"end":{"line":90,"column":4}},"33":{"start":{"line":87,"column":4},"end":{"line":89,"column":6}},"34":{"start":{"line":91,"column":3},"end":{"line":95,"column":4}},"35":{"start":{"line":92,"column":4},"end":{"line":94,"column":6}},"36":{"start":{"line":96,"column":3},"end":{"line":96,"column":40}},"37":{"start":{"line":97,"column":3},"end":{"line":97,"column":36}},"38":{"start":{"line":99,"column":3},"end":{"line":102,"column":5}},"39":{"start":{"line":107,"column":2},"end":{"line":136,"column":3}},"40":{"start":{"line":108,"column":16},"end":{"line":108,"column":53}},"41":{"start":{"line":109,"column":22},"end":{"line":109,"column":63}},"42":{"start":{"line":110,"column":3},"end":{"line":114,"column":4}},"43":{"start":{"line":111,"column":4},"end":{"line":113,"column":6}},"44":{"start":{"line":115,"column":16},"end":{"line":115,"column":71}},"45":{"start":{"line":116,"column":21},"end":{"line":116,"column":51}},"46":{"start":{"line":117,"column":3},"end":{"line":126,"column":5}},"47":{"start":{"line":128,"column":3},"end":{"line":132,"column":4}},"48":{"start":{"line":129,"column":4},"end":{"line":131,"column":6}},"49":{"start":{"line":133,"column":3},"end":{"line":135,"column":5}}},"fnMap":{"0":{"name":"(anonymous_0)","decl":{"start":{"line":8,"column":1},"end":{"line":8,"column":2}},"loc":{"start":{"line":8,"column":22},"end":{"line":34,"column":2}},"line":8},"1":{"name":"(anonymous_1)","decl":{"start":{"line":36,"column":1},"end":{"line":36,"column":2}},"loc":{"start":{"line":36,"column":24},"end":{"line":71,"column":2}},"line":36},"2":{"name":"(anonymous_2)","decl":{"start":{"line":41,"column":42},"end":{"line":41,"column":43}},"loc":{"start":{"line":41,"column":54},"end":{"line":41,"column":85}},"line":41},"3":{"name":"(anonymous_3)","decl":{"start":{"line":48,"column":20},"end":{"line":48,"column":21}},"loc":{"start":{"line":48,"column":32},"end":{"line":50,"column":5}},"line":48},"4":{"name":"(anonymous_4)","decl":{"start":{"line":73,"column":1},"end":{"line":73,"column":2}},"loc":{"start":{"line":73,"column":24},"end":{"line":81,"column":2}},"line":73},"5":{"name":"(anonymous_5)","decl":{"start":{"line":83,"column":1},"end":{"line":83,"column":2}},"loc":{"start":{"line":83,"column":35},"end":{"line":104,"column":2}},"line":83},"6":{"name":"(anonymous_6)","decl":{"start":{"line":106,"column":1},"end":{"line":106,"column":2}},"loc":{"start":{"line":106,"column":23},"end":{"line":137,"column":2}},"line":106}},"branchMap":{"0":{"loc":{"start":{"line":13,"column":19},"end":{"line":13,"column":58}},"type":"cond-expr","locations":[{"start":{"line":13,"column":37},"end":{"line":13,"column":41}},{"start":{"line":13,"column":44},"end":{"line":13,"column":58}}],"line":13},"1":{"loc":{"start":{"line":14,"column":3},"end":{"line":18,"column":4}},"type":"if","locations":[{"start":{"line":14,"column":3},"end":{"line":18,"column":4}},{"start":{"line":14,"column":3},"end":{"line":18,"column":4}}],"line":14},"2":{"loc":{"start":{"line":37,"column":2},"end":{"line":70,"column":3}},"type":"if","locations":[{"start":{"line":37,"column":2},"end":{"line":70,"column":3}},{"start":{"line":37,"column":2},"end":{"line":70,"column":3}}],"line":37},"3":{"loc":{"start":{"line":37,"column":6},"end":{"line":37,"column":223}},"type":"binary-expr","locations":[{"start":{"line":37,"column":6},"end":{"line":37,"column":58}},{"start":{"line":37,"column":62},"end":{"line":37,"column":114}},{"start":{"line":37,"column":118},"end":{"line":37,"column":167}},{"start":{"line":37,"column":171},"end":{"line":37,"column":223}}],"line":37},"4":{"loc":{"start":{"line":37,"column":36},"end":{"line":37,"column":57}},"type":"binary-expr","locations":[{"start":{"line":37,"column":36},"end":{"line":37,"column":44}},{"start":{"line":37,"column":48},"end":{"line":37,"column":57}}],"line":37},"5":{"loc":{"start":{"line":37,"column":92},"end":{"line":37,"column":113}},"type":"binary-expr","locations":[{"start":{"line":37,"column":92},"end":{"line":37,"column":100}},{"start":{"line":37,"column":104},"end":{"line":37,"column":113}}],"line":37},"6":{"loc":{"start":{"line":37,"column":145},"end":{"line":37,"column":166}},"type":"binary-expr","locations":[{"start":{"line":37,"column":145},"end":{"line":37,"column":153}},{"start":{"line":37,"column":157},"end":{"line":37,"column":166}}],"line":37},"7":{"loc":{"start":{"line":37,"column":201},"end":{"line":37,"column":222}},"type":"binary-expr","locations":[{"start":{"line":37,"column":201},"end":{"line":37,"column":209}},{"start":{"line":37,"column":213},"end":{"line":37,"column":222}}],"line":37},"8":{"loc":{"start":{"line":42,"column":3},"end":{"line":46,"column":4}},"type":"if","locations":[{"start":{"line":42,"column":3},"end":{"line":46,"column":4}},{"start":{"line":42,"column":3},"end":{"line":46,"column":4}}],"line":42},"9":{"loc":{"start":{"line":52,"column":4},"end":{"line":54,"column":5}},"type":"if","locations":[{"start":{"line":52,"column":4},"end":{"line":54,"column":5}},{"start":{"line":52,"column":4},"end":{"line":54,"column":5}}],"line":52},"10":{"loc":{"start":{"line":86,"column":3},"end":{"line":90,"column":4}},"type":"if","locations":[{"start":{"line":86,"column":3},"end":{"line":90,"column":4}},{"start":{"line":86,"column":3},"end":{"line":90,"column":4}}],"line":86},"11":{"loc":{"start":{"line":91,"column":3},"end":{"line":95,"column":4}},"type":"if","locations":[{"start":{"line":91,"column":3},"end":{"line":95,"column":4}},{"start":{"line":91,"column":3},"end":{"line":95,"column":4}}],"line":91},"12":{"loc":{"start":{"line":110,"column":3},"end":{"line":114,"column":4}},"type":"if","locations":[{"start":{"line":110,"column":3},"end":{"line":114,"column":4}},{"start":{"line":110,"column":3},"end":{"line":114,"column":4}}],"line":110},"13":{"loc":{"start":{"line":128,"column":3},"end":{"line":132,"column":4}},"type":"if","locations":[{"start":{"line":128,"column":3},"end":{"line":132,"column":4}},{"start":{"line":128,"column":3},"end":{"line":132,"column":4}}],"line":128}},"s":{"0":4,"1":4,"2":4,"3":4,"4":4,"5":4,"6":1,"7":3,"8":1,"9":1,"10":2,"11":2,"12":1,"13":1,"14":1,"15":1,"16":4,"17":1,"18":0,"19":1,"20":1,"21":4,"22":1,"23":1,"24":0,"25":1,"26":0,"27":1,"28":1,"29":1,"30":0,"31":0,"32":0,"33":0,"34":0,"35":0,"36":0,"37":0,"38":0,"39":5,"40":5,"41":5,"42":5,"43":1,"44":4,"45":2,"46":2,"47":2,"48":1,"49":1},"f":{"0":4,"1":2,"2":4,"3":4,"4":1,"5":0,"6":5},"b":{"0":[1,3],"1":[1,3],"2":[1,1],"3":[2,1,1,1],"4":[2,0],"5":[1,0],"6":[1,0],"7":[1,0],"8":[0,1],"9":[0,1],"10":[0,0],"11":[0,0],"12":[1,4],"13":[1,1]},"_coverageSchema":"1a1c01bbd47fc00a2c39e90264f33305004495a9","hash":"1e311866ff966de05b19737135dc22326efb7ea2"}
,"C:\\Users\\Andela\\Desktop\\CapstoneProject\\Server\\helpers\\database.js": {"path":"C:\\Users\\Andela\\Desktop\\CapstoneProject\\Server\\helpers\\database.js","statementMap":{"0":{"start":{"line":4,"column":0},"end":{"line":10,"column":2}}},"fnMap":{},"branchMap":{"0":{"loc":{"start":{"line":4,"column":17},"end":{"line":4,"column":95}},"type":"cond-expr","locations":[{"start":{"line":4,"column":51},"end":{"line":4,"column":74}},{"start":{"line":4,"column":77},"end":{"line":4,"column":95}}],"line":4}},"s":{"0":2},"f":{},"b":{"0":[2,0]},"_coverageSchema":"1a1c01bbd47fc00a2c39e90264f33305004495a9","hash":"1ef928c2f255fc4126e1ff98b43d24db21c8f63d"}
,"C:\\Users\\Andela\\Desktop\\CapstoneProject\\Server\\middleware\\BlogImageProcessor.js": {"path":"C:\\Users\\Andela\\Desktop\\CapstoneProject\\Server\\middleware\\BlogImageProcessor.js","statementMap":{"0":{"start":{"line":3,"column":23},"end":{"line":17,"column":1}},"1":{"start":{"line":4,"column":1},"end":{"line":16,"column":2}},"2":{"start":{"line":5,"column":2},"end":{"line":13,"column":3}},"3":{"start":{"line":6,"column":18},"end":{"line":6,"column":64}},"4":{"start":{"line":7,"column":3},"end":{"line":7,"column":26}},"5":{"start":{"line":8,"column":3},"end":{"line":8,"column":9}},"6":{"start":{"line":10,"column":3},"end":{"line":12,"column":5}},"7":{"start":{"line":15,"column":2},"end":{"line":15,"column":8}}},"fnMap":{"0":{"name":"(anonymous_0)","decl":{"start":{"line":3,"column":23},"end":{"line":3,"column":24}},"loc":{"start":{"line":3,"column":49},"end":{"line":17,"column":1}},"line":3}},"branchMap":{"0":{"loc":{"start":{"line":4,"column":1},"end":{"line":16,"column":2}},"type":"if","locations":[{"start":{"line":4,"column":1},"end":{"line":16,"column":2}},{"start":{"line":4,"column":1},"end":{"line":16,"column":2}}],"line":4}},"s":{"0":2,"1":0,"2":0,"3":0,"4":0,"5":0,"6":0,"7":0},"f":{"0":0},"b":{"0":[0,0]},"_coverageSchema":"1a1c01bbd47fc00a2c39e90264f33305004495a9","hash":"d08ed916457446f8a834a053a64f5b7abe460088"}
,"C:\\Users\\Andela\\Desktop\\CapstoneProject\\Server\\middleware\\UserImageProcessor.js": {"path":"C:\\Users\\Andela\\Desktop\\CapstoneProject\\Server\\middleware\\UserImageProcessor.js","statementMap":{"0":{"start":{"line":3,"column":23},"end":{"line":17,"column":1}},"1":{"start":{"line":4,"column":1},"end":{"line":16,"column":2}},"2":{"start":{"line":5,"column":2},"end":{"line":13,"column":3}},"3":{"start":{"line":6,"column":18},"end":{"line":6,"column":64}},"4":{"start":{"line":7,"column":3},"end":{"line":7,"column":27}},"5":{"start":{"line":8,"column":3},"end":{"line":8,"column":9}},"6":{"start":{"line":10,"column":3},"end":{"line":12,"column":5}},"7":{"start":{"line":15,"column":2},"end":{"line":15,"column":8}}},"fnMap":{"0":{"name":"(anonymous_0)","decl":{"start":{"line":3,"column":23},"end":{"line":3,"column":24}},"loc":{"start":{"line":3,"column":49},"end":{"line":17,"column":1}},"line":3}},"branchMap":{"0":{"loc":{"start":{"line":4,"column":1},"end":{"line":16,"column":2}},"type":"if","locations":[{"start":{"line":4,"column":1},"end":{"line":16,"column":2}},{"start":{"line":4,"column":1},"end":{"line":16,"column":2}}],"line":4}},"s":{"0":2,"1":6,"2":0,"3":0,"4":0,"5":0,"6":0,"7":6},"f":{"0":6},"b":{"0":[0,6]},"_coverageSchema":"1a1c01bbd47fc00a2c39e90264f33305004495a9","hash":"1c717b28f65f82fa7ccb8775d0890c5e8c6bed01"}
,"C:\\Users\\Andela\\Desktop\\CapstoneProject\\Server\\middleware\\auth.js": {"path":"C:\\Users\\Andela\\Desktop\\CapstoneProject\\Server\\middleware\\auth.js","statementMap":{"0":{"start":{"line":6,"column":20},"end":{"line":21,"column":1}},"1":{"start":{"line":7,"column":1},"end":{"line":20,"column":2}},"2":{"start":{"line":8,"column":16},"end":{"line":8,"column":66}},"3":{"start":{"line":9,"column":18},"end":{"line":9,"column":63}},"4":{"start":{"line":10,"column":15},"end":{"line":10,"column":77}},"5":{"start":{"line":11,"column":2},"end":{"line":13,"column":3}},"6":{"start":{"line":12,"column":3},"end":{"line":12,"column":20}},"7":{"start":{"line":14,"column":2},"end":{"line":14,"column":17}},"8":{"start":{"line":15,"column":2},"end":{"line":15,"column":8}},"9":{"start":{"line":17,"column":2},"end":{"line":19,"column":4}}},"fnMap":{"0":{"name":"(anonymous_0)","decl":{"start":{"line":6,"column":20},"end":{"line":6,"column":21}},"loc":{"start":{"line":6,"column":46},"end":{"line":21,"column":1}},"line":6}},"branchMap":{"0":{"loc":{"start":{"line":11,"column":2},"end":{"line":13,"column":3}},"type":"if","locations":[{"start":{"line":11,"column":2},"end":{"line":13,"column":3}},{"start":{"line":11,"column":2},"end":{"line":13,"column":3}}],"line":11}},"s":{"0":2,"1":2,"2":2,"3":2,"4":2,"5":2,"6":0,"7":2,"8":2,"9":0},"f":{"0":2},"b":{"0":[0,2]},"_coverageSchema":"1a1c01bbd47fc00a2c39e90264f33305004495a9","hash":"39c6d7fabfe818e656de27bfed8c7ffbba05b4a5"}
,"C:\\Users\\Andela\\Desktop\\CapstoneProject\\Server\\middleware\\verifyAdmin.js": {"path":"C:\\Users\\Andela\\Desktop\\CapstoneProject\\Server\\middleware\\verifyAdmin.js","statementMap":{"0":{"start":{"line":3,"column":19},"end":{"line":20,"column":1}},"1":{"start":{"line":4,"column":1},"end":{"line":19,"column":2}},"2":{"start":{"line":5,"column":2},"end":{"line":7,"column":3}},"3":{"start":{"line":6,"column":3},"end":{"line":6,"column":20}},"4":{"start":{"line":8,"column":2},"end":{"line":14,"column":3}},"5":{"start":{"line":9,"column":3},"end":{"line":9,"column":9}},"6":{"start":{"line":11,"column":3},"end":{"line":13,"column":5}},"7":{"start":{"line":16,"column":2},"end":{"line":18,"column":4}}},"fnMap":{"0":{"name":"(anonymous_0)","decl":{"start":{"line":3,"column":19},"end":{"line":3,"column":20}},"loc":{"start":{"line":3,"column":45},"end":{"line":20,"column":1}},"line":3}},"branchMap":{"0":{"loc":{"start":{"line":5,"column":2},"end":{"line":7,"column":3}},"type":"if","locations":[{"start":{"line":5,"column":2},"end":{"line":7,"column":3}},{"start":{"line":5,"column":2},"end":{"line":7,"column":3}}],"line":5},"1":{"loc":{"start":{"line":8,"column":2},"end":{"line":14,"column":3}},"type":"if","locations":[{"start":{"line":8,"column":2},"end":{"line":14,"column":3}},{"start":{"line":8,"column":2},"end":{"line":14,"column":3}}],"line":8}},"s":{"0":2,"1":0,"2":0,"3":0,"4":0,"5":0,"6":0,"7":0},"f":{"0":0},"b":{"0":[0,0],"1":[0,0]},"_coverageSchema":"1a1c01bbd47fc00a2c39e90264f33305004495a9","hash":"6764b73c42fdbefdbaab48f0978ee46cc5c3b62b"}
,"C:\\Users\\Andela\\Desktop\\CapstoneProject\\Server\\models\\Blog.js": {"path":"C:\\Users\\Andela\\Desktop\\CapstoneProject\\Server\\models\\Blog.js","statementMap":{"0":{"start":{"line":3,"column":19},"end":{"line":35,"column":24}},"1":{"start":{"line":37,"column":13},"end":{"line":37,"column":47}}},"fnMap":{},"branchMap":{},"s":{"0":2,"1":2},"f":{},"b":{},"_coverageSchema":"1a1c01bbd47fc00a2c39e90264f33305004495a9","hash":"c8cf167e51cd4da61633f6ac34866bf11855c73f"}
,"C:\\Users\\Andela\\Desktop\\CapstoneProject\\Server\\models\\Contact.js": {"path":"C:\\Users\\Andela\\Desktop\\CapstoneProject\\Server\\models\\Contact.js","statementMap":{"0":{"start":{"line":4,"column":22},"end":{"line":41,"column":24}},"1":{"start":{"line":15,"column":3},"end":{"line":17,"column":4}},"2":{"start":{"line":16,"column":4},"end":{"line":16,"column":39}},"3":{"start":{"line":43,"column":16},"end":{"line":43,"column":56}}},"fnMap":{"0":{"name":"(anonymous_0)","decl":{"start":{"line":14,"column":2},"end":{"line":14,"column":3}},"loc":{"start":{"line":14,"column":18},"end":{"line":18,"column":3}},"line":14}},"branchMap":{"0":{"loc":{"start":{"line":15,"column":3},"end":{"line":17,"column":4}},"type":"if","locations":[{"start":{"line":15,"column":3},"end":{"line":17,"column":4}},{"start":{"line":15,"column":3},"end":{"line":17,"column":4}}],"line":15}},"s":{"0":2,"1":0,"2":0,"3":2},"f":{"0":0},"b":{"0":[0,0]},"_coverageSchema":"1a1c01bbd47fc00a2c39e90264f33305004495a9","hash":"af7a40930e3220b588e7589e28087b3b210c2301"}
,"C:\\Users\\Andela\\Desktop\\CapstoneProject\\Server\\models\\Portfolio.js": {"path":"C:\\Users\\Andela\\Desktop\\CapstoneProject\\Server\\models\\Portfolio.js","statementMap":{"0":{"start":{"line":3,"column":24},"end":{"line":27,"column":24}},"1":{"start":{"line":29,"column":18},"end":{"line":29,"column":62}}},"fnMap":{},"branchMap":{},"s":{"0":2,"1":2},"f":{},"b":{},"_coverageSchema":"1a1c01bbd47fc00a2c39e90264f33305004495a9","hash":"2f329edf19b1453a8a1659199bd6ff81fae72652"}
,"C:\\Users\\Andela\\Desktop\\CapstoneProject\\Server\\models\\User.js": {"path":"C:\\Users\\Andela\\Desktop\\CapstoneProject\\Server\\models\\User.js","statementMap":{"0":{"start":{"line":11,"column":19},"end":{"line":47,"column":24}},"1":{"start":{"line":28,"column":3},"end":{"line":30,"column":4}},"2":{"start":{"line":29,"column":4},"end":{"line":29,"column":58}},"3":{"start":{"line":39,"column":3},"end":{"line":41,"column":4}},"4":{"start":{"line":40,"column":4},"end":{"line":40,"column":39}},"5":{"start":{"line":49,"column":0},"end":{"line":55,"column":1}},"6":{"start":{"line":50,"column":14},"end":{"line":50,"column":18}},"7":{"start":{"line":51,"column":21},"end":{"line":53,"column":2}},"8":{"start":{"line":54,"column":1},"end":{"line":54,"column":19}},"9":{"start":{"line":57,"column":0},"end":{"line":63,"column":2}},"10":{"start":{"line":58,"column":14},"end":{"line":58,"column":18}},"11":{"start":{"line":59,"column":1},"end":{"line":61,"column":2}},"12":{"start":{"line":60,"column":2},"end":{"line":60,"column":54}},"13":{"start":{"line":62,"column":1},"end":{"line":62,"column":7}},"14":{"start":{"line":64,"column":0},"end":{"line":74,"column":1}},"15":{"start":{"line":65,"column":14},"end":{"line":65,"column":43}},"16":{"start":{"line":66,"column":1},"end":{"line":68,"column":2}},"17":{"start":{"line":67,"column":2},"end":{"line":67,"column":36}},"18":{"start":{"line":69,"column":17},"end":{"line":69,"column":62}},"19":{"start":{"line":70,"column":1},"end":{"line":72,"column":2}},"20":{"start":{"line":71,"column":2},"end":{"line":71,"column":51}},"21":{"start":{"line":73,"column":1},"end":{"line":73,"column":12}},"22":{"start":{"line":76,"column":13},"end":{"line":76,"column":47}}},"fnMap":{"0":{"name":"(anonymous_0)","decl":{"start":{"line":27,"column":2},"end":{"line":27,"column":3}},"loc":{"start":{"line":27,"column":18},"end":{"line":31,"column":3}},"line":27},"1":{"name":"(anonymous_1)","decl":{"start":{"line":38,"column":2},"end":{"line":38,"column":3}},"loc":{"start":{"line":38,"column":18},"end":{"line":42,"column":3}},"line":38},"2":{"name":"(anonymous_2)","decl":{"start":{"line":49,"column":39},"end":{"line":49,"column":40}},"loc":{"start":{"line":49,"column":57},"end":{"line":55,"column":1}},"line":49},"3":{"name":"(anonymous_3)","decl":{"start":{"line":57,"column":23},"end":{"line":57,"column":24}},"loc":{"start":{"line":57,"column":45},"end":{"line":63,"column":1}},"line":57},"4":{"name":"(anonymous_4)","decl":{"start":{"line":64,"column":39},"end":{"line":64,"column":40}},"loc":{"start":{"line":64,"column":66},"end":{"line":74,"column":1}},"line":64}},"branchMap":{"0":{"loc":{"start":{"line":28,"column":3},"end":{"line":30,"column":4}},"type":"if","locations":[{"start":{"line":28,"column":3},"end":{"line":30,"column":4}},{"start":{"line":28,"column":3},"end":{"line":30,"column":4}}],"line":28},"1":{"loc":{"start":{"line":39,"column":3},"end":{"line":41,"column":4}},"type":"if","locations":[{"start":{"line":39,"column":3},"end":{"line":41,"column":4}},{"start":{"line":39,"column":3},"end":{"line":41,"column":4}}],"line":39},"2":{"loc":{"start":{"line":59,"column":1},"end":{"line":61,"column":2}},"type":"if","locations":[{"start":{"line":59,"column":1},"end":{"line":61,"column":2}},{"start":{"line":59,"column":1},"end":{"line":61,"column":2}}],"line":59},"3":{"loc":{"start":{"line":66,"column":1},"end":{"line":68,"column":2}},"type":"if","locations":[{"start":{"line":66,"column":1},"end":{"line":68,"column":2}},{"start":{"line":66,"column":1},"end":{"line":68,"column":2}}],"line":66},"4":{"loc":{"start":{"line":70,"column":1},"end":{"line":72,"column":2}},"type":"if","locations":[{"start":{"line":70,"column":1},"end":{"line":72,"column":2}},{"start":{"line":70,"column":1},"end":{"line":72,"column":2}}],"line":70}},"s":{"0":2,"1":13,"2":0,"3":13,"4":1,"5":2,"6":5,"7":5,"8":5,"9":2,"10":11,"11":11,"12":11,"13":11,"14":2,"15":4,"16":4,"17":0,"18":4,"19":3,"20":1,"21":2,"22":2},"f":{"0":13,"1":13,"2":5,"3":11,"4":4},"b":{"0":[0,13],"1":[1,12],"2":[11,0],"3":[0,4],"4":[1,2]},"_coverageSchema":"1a1c01bbd47fc00a2c39e90264f33305004495a9","hash":"7dea02b3f1fbfd038d532ac18aa84f9ed231e8fc"}
,"C:\\Users\\Andela\\Desktop\\CapstoneProject\\Server\\models\\comment.js": {"path":"C:\\Users\\Andela\\Desktop\\CapstoneProject\\Server\\models\\comment.js","statementMap":{"0":{"start":{"line":3,"column":22},"end":{"line":17,"column":24}},"1":{"start":{"line":19,"column":16},"end":{"line":19,"column":56}}},"fnMap":{},"branchMap":{},"s":{"0":2,"1":2},"f":{},"b":{},"_coverageSchema":"1a1c01bbd47fc00a2c39e90264f33305004495a9","hash":"eb0639be0f821d786dda0be2eab0c80f4b139564"}
,"C:\\Users\\Andela\\Desktop\\CapstoneProject\\Server\\routes\\blogRouters.js": {"path":"C:\\Users\\Andela\\Desktop\\CapstoneProject\\Server\\routes\\blogRouters.js","statementMap":{"0":{"start":{"line":8,"column":19},"end":{"line":8,"column":35}},"1":{"start":{"line":11,"column":0},"end":{"line":11,"column":117}},"2":{"start":{"line":12,"column":0},"end":{"line":12,"column":109}},"3":{"start":{"line":13,"column":0},"end":{"line":13,"column":73}},"4":{"start":{"line":14,"column":0},"end":{"line":14,"column":55}},"5":{"start":{"line":15,"column":0},"end":{"line":15,"column":70}},"6":{"start":{"line":16,"column":0},"end":{"line":16,"column":59}}},"fnMap":{},"branchMap":{},"s":{"0":2,"1":2,"2":2,"3":2,"4":2,"5":2,"6":2},"f":{},"b":{},"_coverageSchema":"1a1c01bbd47fc00a2c39e90264f33305004495a9","hash":"57153b530f61126898203f92462b89c6bbd81da6"}
,"C:\\Users\\Andela\\Desktop\\CapstoneProject\\Server\\routes\\commentRouters.js": {"path":"C:\\Users\\Andela\\Desktop\\CapstoneProject\\Server\\routes\\commentRouters.js","statementMap":{"0":{"start":{"line":4,"column":22},"end":{"line":4,"column":38}},"1":{"start":{"line":6,"column":0},"end":{"line":6,"column":78}},"2":{"start":{"line":7,"column":0},"end":{"line":7,"column":67}}},"fnMap":{},"branchMap":{},"s":{"0":2,"1":2,"2":2},"f":{},"b":{},"_coverageSchema":"1a1c01bbd47fc00a2c39e90264f33305004495a9","hash":"247167ec05a21348c7dfda593076d0212151b597"}
,"C:\\Users\\Andela\\Desktop\\CapstoneProject\\Server\\routes\\contactRouters.js": {"path":"C:\\Users\\Andela\\Desktop\\CapstoneProject\\Server\\routes\\contactRouters.js","statementMap":{"0":{"start":{"line":5,"column":22},"end":{"line":5,"column":38}},"1":{"start":{"line":7,"column":0},"end":{"line":7,"column":74}},"2":{"start":{"line":8,"column":0},"end":{"line":8,"column":63}}},"fnMap":{},"branchMap":{},"s":{"0":2,"1":2,"2":2},"f":{},"b":{},"_coverageSchema":"1a1c01bbd47fc00a2c39e90264f33305004495a9","hash":"fb7767e187568ac825fc37b159f71f15c34b1335"}
,"C:\\Users\\Andela\\Desktop\\CapstoneProject\\Server\\routes\\portfolioRouters.js": {"path":"C:\\Users\\Andela\\Desktop\\CapstoneProject\\Server\\routes\\portfolioRouters.js","statementMap":{"0":{"start":{"line":7,"column":24},"end":{"line":7,"column":40}},"1":{"start":{"line":10,"column":0},"end":{"line":10,"column":120}},"2":{"start":{"line":11,"column":0},"end":{"line":11,"column":124}},"3":{"start":{"line":12,"column":0},"end":{"line":12,"column":88}},"4":{"start":{"line":13,"column":0},"end":{"line":13,"column":70}},"5":{"start":{"line":14,"column":0},"end":{"line":14,"column":90}},"6":{"start":{"line":15,"column":0},"end":{"line":15,"column":74}}},"fnMap":{},"branchMap":{},"s":{"0":2,"1":2,"2":2,"3":2,"4":2,"5":2,"6":2},"f":{},"b":{},"_coverageSchema":"1a1c01bbd47fc00a2c39e90264f33305004495a9","hash":"21f7adeb2cfbe9cb68f67067b813649450b88168"}
,"C:\\Users\\Andela\\Desktop\\CapstoneProject\\Server\\routes\\userRouters.js": {"path":"C:\\Users\\Andela\\Desktop\\CapstoneProject\\Server\\routes\\userRouters.js","statementMap":{"0":{"start":{"line":8,"column":19},"end":{"line":8,"column":35}},"1":{"start":{"line":10,"column":0},"end":{"line":10,"column":101}},"2":{"start":{"line":11,"column":0},"end":{"line":11,"column":110}},"3":{"start":{"line":12,"column":0},"end":{"line":12,"column":54}},"4":{"start":{"line":13,"column":0},"end":{"line":13,"column":75}},"5":{"start":{"line":14,"column":0},"end":{"line":14,"column":59}}},"fnMap":{},"branchMap":{},"s":{"0":2,"1":2,"2":2,"3":2,"4":2,"5":2},"f":{},"b":{},"_coverageSchema":"1a1c01bbd47fc00a2c39e90264f33305004495a9","hash":"9f51c384bcd4c18c45ffd22beb94a380baa7dc54"}
}
