TN:
SF:Server\app.js
FN:16,(anonymous_0)
FNF:1
FNH:1
FNDA:55,(anonymous_0)
DA:9,5
DA:11,5
DA:13,5
DA:14,5
DA:16,5
DA:17,55
DA:18,55
DA:22,55
DA:25,5
DA:26,5
DA:27,5
DA:28,5
DA:29,5
LF:13
LH:13
BRF:0
BRH:0
end_of_record
TN:
SF:Server\config\multerConfig.js
FNF:0
FNH:0
DA:3,5
LF:1
LH:1
BRF:0
BRH:0
end_of_record
TN:
SF:Server\controllers\blogController.js
FN:5,(anonymous_0)
FN:9,(anonymous_1)
FN:15,(anonymous_2)
FN:22,(anonymous_3)
FN:26,(anonymous_4)
FN:33,(anonymous_5)
FN:53,(anonymous_6)
FN:67,(anonymous_7)
FN:77,(anonymous_8)
FN:93,(anonymous_9)
FNF:10
FNH:10
FNDA:2,(anonymous_0)
FNDA:1,(anonymous_1)
FNDA:1,(anonymous_2)
FNDA:3,(anonymous_3)
FNDA:3,(anonymous_4)
FNDA:2,(anonymous_5)
FNDA:2,(anonymous_6)
FNDA:1,(anonymous_7)
FNDA:2,(anonymous_8)
FNDA:2,(anonymous_9)
DA:6,2
DA:7,2
DA:8,2
DA:10,1
DA:16,1
DA:23,3
DA:24,3
DA:25,3
DA:26,3
DA:27,3
DA:28,1
DA:32,2
DA:33,2
DA:34,2
DA:35,1
DA:37,1
DA:39,1
DA:40,1
DA:47,1
DA:54,2
DA:55,2
DA:56,1
DA:61,1
DA:62,1
DA:68,1
DA:69,1
DA:78,2
DA:79,2
DA:80,2
DA:81,1
DA:83,1
DA:84,1
DA:86,1
DA:94,2
DA:95,2
DA:96,2
DA:97,1
DA:104,1
LF:38
LH:38
BRDA:27,0,0,1
BRDA:27,0,1,2
BRDA:34,1,0,1
BRDA:34,1,1,1
BRDA:55,2,0,1
BRDA:55,2,1,1
BRDA:80,3,0,1
BRDA:80,3,1,1
BRDA:80,4,0,2
BRDA:80,4,1,1
BRDA:96,5,0,1
BRDA:96,5,1,1
BRF:12
BRH:12
end_of_record
TN:
SF:Server\controllers\commentController.js
FN:5,(anonymous_0)
FN:22,(anonymous_1)
FNF:2
FNH:2
FNDA:2,(anonymous_0)
FNDA:1,(anonymous_1)
DA:6,2
DA:7,2
DA:8,2
DA:9,2
DA:10,1
DA:15,1
DA:23,1
DA:24,1
LF:8
LH:8
BRF:0
BRH:0
end_of_record
TN:
SF:Server\controllers\contactController.js
FN:5,(anonymous_0)
FN:9,(anonymous_1)
FN:15,(anonymous_2)
FN:23,(anonymous_3)
FNF:4
FNH:4
FNDA:3,(anonymous_0)
FNDA:1,(anonymous_1)
FNDA:2,(anonymous_2)
FNDA:1,(anonymous_3)
DA:6,3
DA:7,3
DA:8,3
DA:10,1
DA:16,2
DA:24,1
DA:25,1
LF:7
LH:7
BRF:0
BRH:0
end_of_record
TN:
SF:Server\controllers\portfolioController.js
FN:5,(anonymous_0)
FN:9,(anonymous_1)
FN:15,(anonymous_2)
FN:24,(anonymous_3)
FN:28,(anonymous_4)
FN:35,(anonymous_5)
FN:55,(anonymous_6)
FN:69,(anonymous_7)
FN:79,(anonymous_8)
FN:95,(anonymous_9)
FNF:10
FNH:10
FNDA:2,(anonymous_0)
FNDA:1,(anonymous_1)
FNDA:1,(anonymous_2)
FNDA:3,(anonymous_3)
FNDA:3,(anonymous_4)
FNDA:2,(anonymous_5)
FNDA:2,(anonymous_6)
FNDA:1,(anonymous_7)
FNDA:2,(anonymous_8)
FNDA:2,(anonymous_9)
DA:6,2
DA:7,2
DA:8,2
DA:10,1
DA:16,1
DA:25,3
DA:26,3
DA:27,3
DA:28,3
DA:29,3
DA:30,1
DA:34,2
DA:35,2
DA:36,2
DA:37,1
DA:39,1
DA:41,1
DA:42,1
DA:49,1
DA:56,2
DA:57,2
DA:58,1
DA:63,1
DA:64,1
DA:70,1
DA:71,1
DA:80,2
DA:81,2
DA:82,2
DA:83,1
DA:85,1
DA:86,1
DA:88,1
DA:96,2
DA:97,2
DA:98,2
DA:99,1
DA:106,1
LF:38
LH:38
BRDA:29,0,0,1
BRDA:29,0,1,2
BRDA:36,1,0,1
BRDA:36,1,1,1
BRDA:57,2,0,1
BRDA:57,2,1,1
BRDA:82,3,0,1
BRDA:82,3,1,1
BRDA:82,4,0,2
BRDA:82,4,1,1
BRDA:98,5,0,1
BRDA:98,5,1,1
BRF:12
BRH:12
end_of_record
TN:
SF:Server\controllers\userController.js
FN:8,(anonymous_0)
FN:36,(anonymous_1)
FN:40,(anonymous_2)
FN:47,(anonymous_3)
FN:67,(anonymous_4)
FN:77,(anonymous_5)
FN:93,(anonymous_6)
FNF:7
FNH:7
FNDA:5,(anonymous_0)
FNDA:3,(anonymous_1)
FNDA:9,(anonymous_2)
FNDA:5,(anonymous_3)
FNDA:1,(anonymous_4)
FNDA:3,(anonymous_5)
FNDA:6,(anonymous_6)
DA:9,5
DA:10,5
DA:11,5
DA:12,5
DA:13,5
DA:14,5
DA:15,1
DA:19,4
DA:20,1
DA:21,1
DA:29,3
DA:37,3
DA:38,3
DA:39,3
DA:40,9
DA:41,3
DA:42,1
DA:46,2
DA:47,2
DA:48,5
DA:49,1
DA:51,4
DA:53,1
DA:54,1
DA:61,1
DA:68,1
DA:69,1
DA:78,3
DA:79,3
DA:80,1
DA:84,2
DA:85,1
DA:89,1
DA:90,1
DA:94,6
DA:95,6
DA:96,6
DA:97,2
DA:98,2
DA:109,4
DA:110,1
DA:114,3
DA:115,2
DA:119,1
LF:44
LH:44
BRDA:13,0,0,1
BRDA:13,0,1,4
BRDA:14,1,0,1
BRDA:14,1,1,4
BRDA:41,2,0,1
BRDA:41,2,1,2
BRDA:48,3,0,1
BRDA:48,3,1,4
BRDA:79,4,0,1
BRDA:79,4,1,2
BRDA:84,5,0,1
BRDA:84,5,1,1
BRDA:109,6,0,1
BRDA:109,6,1,3
BRDA:114,7,0,2
BRDA:114,7,1,1
BRF:16
BRH:16
end_of_record
TN:
SF:Server\helpers\database.js
FNF:0
FNH:0
DA:4,5
LF:1
LH:1
BRDA:4,0,0,5
BRDA:4,0,1,0
BRF:2
BRH:1
end_of_record
TN:
SF:Server\middleware\BlogImageProcessor.js
FN:3,(anonymous_0)
FNF:1
FNH:1
FNDA:10,(anonymous_0)
DA:3,5
DA:4,10
DA:5,0
DA:6,0
DA:7,0
DA:9,10
LF:6
LH:3
BRDA:4,0,0,0
BRDA:4,0,1,10
BRF:2
BRH:1
end_of_record
TN:
SF:Server\middleware\UserImageProcessor.js
FN:3,(anonymous_0)
FNF:1
FNH:1
FNDA:8,(anonymous_0)
DA:3,5
DA:4,8
DA:5,0
DA:6,0
DA:7,0
DA:9,8
LF:6
LH:3
BRDA:4,0,0,0
BRDA:4,0,1,8
BRF:2
BRH:1
end_of_record
TN:
SF:Server\middleware\auth.js
FN:7,(anonymous_0)
FNF:1
FNH:1
FNDA:28,(anonymous_0)
DA:7,5
DA:8,28
DA:9,28
DA:10,24
DA:11,24
DA:15,24
DA:16,24
DA:18,4
LF:8
LH:8
BRF:0
BRH:0
end_of_record
TN:
SF:Server\middleware\verifyAdmin.js
FN:3,(anonymous_0)
FNF:1
FNH:1
FNDA:6,(anonymous_0)
DA:3,5
DA:4,6
DA:5,4
DA:7,2
LF:4
LH:4
BRDA:4,0,0,4
BRDA:4,0,1,2
BRF:2
BRH:2
end_of_record
TN:
SF:Server\models\Blog.js
FNF:0
FNH:0
DA:3,5
DA:37,5
LF:2
LH:2
BRF:0
BRH:0
end_of_record
TN:
SF:Server\models\Contact.js
FN:14,(anonymous_0)
FNF:1
FNH:1
FNDA:2,(anonymous_0)
DA:4,5
DA:15,2
DA:16,1
DA:43,5
LF:4
LH:4
BRDA:15,0,0,1
BRDA:15,0,1,1
BRF:2
BRH:2
end_of_record
TN:
SF:Server\models\Portfolio.js
FNF:0
FNH:0
DA:3,5
DA:29,5
LF:2
LH:2
BRF:0
BRH:0
end_of_record
TN:
SF:Server\models\User.js
FN:33,(anonymous_0)
FN:44,(anonymous_1)
FN:52,(anonymous_2)
FN:59,(anonymous_3)
FNF:4
FNH:4
FNDA:53,(anonymous_0)
FNDA:35,(anonymous_1)
FNDA:50,(anonymous_2)
FNDA:6,(anonymous_3)
DA:11,5
DA:34,53
DA:35,2
DA:44,5
DA:45,35
DA:46,35
DA:49,35
DA:52,5
DA:53,50
DA:54,50
DA:55,50
DA:57,50
DA:59,5
DA:60,6
DA:61,6
DA:62,2
DA:64,4
DA:65,3
DA:66,1
DA:68,2
DA:71,5
LF:21
LH:21
BRDA:34,0,0,2
BRDA:34,0,1,51
BRDA:54,1,0,50
BRDA:54,1,1,0
BRDA:61,2,0,2
BRDA:61,2,1,4
BRDA:65,3,0,1
BRDA:65,3,1,2
BRF:8
BRH:7
end_of_record
TN:
SF:Server\models\comment.js
FNF:0
FNH:0
DA:3,5
DA:19,5
LF:2
LH:2
BRF:0
BRH:0
end_of_record
TN:
SF:Server\routes\blogRouters.js
FNF:0
FNH:0
DA:9,5
DA:11,5
DA:12,5
DA:13,5
DA:14,5
DA:15,5
DA:16,5
LF:7
LH:7
BRF:0
BRH:0
end_of_record
TN:
SF:Server\routes\commentRouters.js
FNF:0
FNH:0
DA:5,5
DA:7,5
DA:8,5
LF:3
LH:3
BRF:0
BRH:0
end_of_record
TN:
SF:Server\routes\contactRouters.js
FNF:0
FNH:0
DA:5,5
DA:7,5
DA:8,5
LF:3
LH:3
BRF:0
BRH:0
end_of_record
TN:
SF:Server\routes\portfolioRouters.js
FNF:0
FNH:0
DA:8,5
DA:10,5
DA:11,5
DA:12,5
DA:13,5
DA:14,5
DA:15,5
LF:7
LH:7
BRF:0
BRH:0
end_of_record
TN:
SF:Server\routes\userRouters.js
FNF:0
FNH:0
DA:8,5
DA:10,5
DA:11,5
DA:12,5
DA:13,5
DA:14,5
LF:6
LH:6
BRF:0
BRH:0
end_of_record
