TN:
SF:Server\app.js
FN:16,(anonymous_0)
FNF:1
FNH:1
FNDA:13,(anonymous_0)
DA:9,2
DA:11,2
DA:13,2
DA:14,2
DA:16,2
DA:17,13
DA:18,13
DA:22,13
DA:25,2
DA:26,2
DA:27,2
DA:28,2
DA:29,2
LF:13
LH:13
BRF:0
BRH:0
end_of_record
TN:
SF:Server\config\multerConfig.js
FNF:0
FNH:0
DA:3,2
LF:1
LH:1
BRF:0
BRH:0
end_of_record
TN:
SF:Server\controllers\blogController.js
FN:5,(anonymous_0)
FN:9,(anonymous_1)
FN:15,(anonymous_2)
FN:24,(anonymous_3)
FN:28,(anonymous_4)
FN:35,(anonymous_5)
FN:55,(anonymous_6)
FN:75,(anonymous_7)
FN:85,(anonymous_8)
FN:101,(anonymous_9)
FNF:10
FNH:1
FNDA:0,(anonymous_0)
FNDA:0,(anonymous_1)
FNDA:0,(anonymous_2)
FNDA:0,(anonymous_3)
FNDA:0,(anonymous_4)
FNDA:0,(anonymous_5)
FNDA:0,(anonymous_6)
FNDA:1,(anonymous_7)
FNDA:0,(anonymous_8)
FNDA:0,(anonymous_9)
DA:6,0
DA:7,0
DA:8,0
DA:10,0
DA:16,0
DA:25,0
DA:26,0
DA:27,0
DA:28,0
DA:29,0
DA:30,0
DA:34,0
DA:35,0
DA:36,0
DA:38,0
DA:39,0
DA:40,0
DA:42,0
DA:49,0
DA:56,0
DA:57,0
DA:58,0
DA:59,0
DA:64,0
DA:65,0
DA:69,0
DA:76,1
DA:77,1
DA:86,0
DA:87,0
DA:88,0
DA:89,0
DA:91,0
DA:92,0
DA:94,0
DA:102,0
DA:103,0
DA:104,0
DA:111,0
LF:39
LH:2
BRDA:29,0,0,0
BRDA:29,0,1,0
BRDA:39,1,0,0
BRDA:39,1,1,0
BRDA:58,2,0,0
BRDA:58,2,1,0
BRDA:88,3,0,0
BRDA:88,3,1,0
BRDA:88,4,0,0
BRDA:88,4,1,0
BRF:10
BRH:0
end_of_record
TN:
SF:Server\controllers\commentController.js
FN:5,(anonymous_0)
FN:22,(anonymous_1)
FNF:2
FNH:0
FNDA:0,(anonymous_0)
FNDA:0,(anonymous_1)
DA:6,0
DA:7,0
DA:8,0
DA:9,0
DA:10,0
DA:15,0
DA:23,0
DA:24,0
DA:25,0
DA:30,0
LF:10
LH:0
BRF:0
BRH:0
end_of_record
TN:
SF:Server\controllers\contactController.js
FN:5,(anonymous_0)
FN:9,(anonymous_1)
FN:15,(anonymous_2)
FN:23,(anonymous_3)
FNF:4
FNH:0
FNDA:0,(anonymous_0)
FNDA:0,(anonymous_1)
FNDA:0,(anonymous_2)
FNDA:0,(anonymous_3)
DA:6,0
DA:7,0
DA:8,0
DA:10,0
DA:16,0
DA:24,0
DA:25,0
LF:7
LH:0
BRF:0
BRH:0
end_of_record
TN:
SF:Server\controllers\portfolioController.js
FN:5,(anonymous_0)
FN:9,(anonymous_1)
FN:15,(anonymous_2)
FN:24,(anonymous_3)
FN:28,(anonymous_4)
FN:35,(anonymous_5)
FN:55,(anonymous_6)
FN:75,(anonymous_7)
FN:85,(anonymous_8)
FN:101,(anonymous_9)
FNF:10
FNH:0
FNDA:0,(anonymous_0)
FNDA:0,(anonymous_1)
FNDA:0,(anonymous_2)
FNDA:0,(anonymous_3)
FNDA:0,(anonymous_4)
FNDA:0,(anonymous_5)
FNDA:0,(anonymous_6)
FNDA:0,(anonymous_7)
FNDA:0,(anonymous_8)
FNDA:0,(anonymous_9)
DA:6,0
DA:7,0
DA:8,0
DA:10,0
DA:16,0
DA:25,0
DA:26,0
DA:27,0
DA:28,0
DA:29,0
DA:30,0
DA:34,0
DA:35,0
DA:36,0
DA:38,0
DA:39,0
DA:40,0
DA:42,0
DA:49,0
DA:56,0
DA:57,0
DA:58,0
DA:59,0
DA:64,0
DA:65,0
DA:69,0
DA:76,0
DA:77,0
DA:86,0
DA:87,0
DA:88,0
DA:89,0
DA:91,0
DA:92,0
DA:94,0
DA:102,0
DA:103,0
DA:104,0
DA:111,0
LF:39
LH:0
BRDA:29,0,0,0
BRDA:29,0,1,0
BRDA:39,1,0,0
BRDA:39,1,1,0
BRDA:58,2,0,0
BRDA:58,2,1,0
BRDA:88,3,0,0
BRDA:88,3,1,0
BRDA:88,4,0,0
BRDA:88,4,1,0
BRF:10
BRH:0
end_of_record
TN:
SF:Server\controllers\userController.js
FN:7,(anonymous_0)
FN:35,(anonymous_1)
FN:45,(anonymous_2)
FN:52,(anonymous_3)
FN:77,(anonymous_4)
FN:87,(anonymous_5)
FN:110,(anonymous_6)
FNF:7
FNH:6
FNDA:4,(anonymous_0)
FNDA:2,(anonymous_1)
FNDA:4,(anonymous_2)
FNDA:4,(anonymous_3)
FNDA:1,(anonymous_4)
FNDA:0,(anonymous_5)
FNDA:5,(anonymous_6)
DA:8,4
DA:9,4
DA:10,4
DA:11,4
DA:12,4
DA:13,4
DA:14,1
DA:18,3
DA:19,1
DA:20,1
DA:28,2
DA:36,2
DA:37,1
DA:43,1
DA:44,1
DA:45,4
DA:46,1
DA:47,0
DA:51,1
DA:52,1
DA:53,4
DA:55,1
DA:56,1
DA:57,0
DA:59,1
DA:66,0
DA:71,1
DA:78,1
DA:79,1
DA:88,0
DA:89,0
DA:90,0
DA:91,0
DA:95,0
DA:96,0
DA:100,0
DA:101,0
DA:103,0
DA:111,5
DA:112,5
DA:113,5
DA:114,5
DA:115,1
DA:119,4
DA:120,2
DA:121,2
DA:132,2
DA:133,1
DA:137,1
LF:49
LH:37
BRDA:12,0,0,1
BRDA:12,0,1,3
BRDA:13,1,0,1
BRDA:13,1,1,3
BRDA:36,2,0,1
BRDA:36,2,1,1
BRDA:36,3,0,2
BRDA:36,3,1,1
BRDA:36,3,2,1
BRDA:36,3,3,1
BRDA:36,4,0,2
BRDA:36,4,1,0
BRDA:36,5,0,1
BRDA:36,5,1,0
BRDA:36,6,0,1
BRDA:36,6,1,0
BRDA:36,7,0,1
BRDA:36,7,1,0
BRDA:46,8,0,0
BRDA:46,8,1,1
BRDA:56,9,0,0
BRDA:56,9,1,1
BRDA:90,10,0,0
BRDA:90,10,1,0
BRDA:95,11,0,0
BRDA:95,11,1,0
BRDA:114,12,0,1
BRDA:114,12,1,4
BRDA:132,13,0,1
BRDA:132,13,1,1
BRF:30
BRH:20
end_of_record
TN:
SF:Server\helpers\database.js
FNF:0
FNH:0
DA:4,2
LF:1
LH:1
BRDA:4,0,0,2
BRDA:4,0,1,0
BRF:2
BRH:1
end_of_record
TN:
SF:Server\middleware\BlogImageProcessor.js
FN:3,(anonymous_0)
FNF:1
FNH:0
FNDA:0,(anonymous_0)
DA:3,2
DA:4,0
DA:5,0
DA:6,0
DA:7,0
DA:8,0
DA:10,0
DA:15,0
LF:8
LH:1
BRDA:4,0,0,0
BRDA:4,0,1,0
BRF:2
BRH:0
end_of_record
TN:
SF:Server\middleware\UserImageProcessor.js
FN:3,(anonymous_0)
FNF:1
FNH:1
FNDA:6,(anonymous_0)
DA:3,2
DA:4,6
DA:5,0
DA:6,0
DA:7,0
DA:8,0
DA:10,0
DA:15,6
LF:8
LH:3
BRDA:4,0,0,0
BRDA:4,0,1,6
BRF:2
BRH:1
end_of_record
TN:
SF:Server\middleware\auth.js
FN:6,(anonymous_0)
FNF:1
FNH:1
FNDA:2,(anonymous_0)
DA:6,2
DA:7,2
DA:8,2
DA:9,2
DA:10,2
DA:11,2
DA:12,0
DA:14,2
DA:15,2
DA:17,0
LF:10
LH:8
BRDA:11,0,0,0
BRDA:11,0,1,2
BRF:2
BRH:1
end_of_record
TN:
SF:Server\middleware\verifyAdmin.js
FN:3,(anonymous_0)
FNF:1
FNH:0
FNDA:0,(anonymous_0)
DA:3,2
DA:4,0
DA:5,0
DA:6,0
DA:8,0
DA:9,0
DA:11,0
DA:16,0
LF:8
LH:1
BRDA:5,0,0,0
BRDA:5,0,1,0
BRDA:8,1,0,0
BRDA:8,1,1,0
BRF:4
BRH:0
end_of_record
TN:
SF:Server\models\Blog.js
FNF:0
FNH:0
DA:3,2
DA:37,2
LF:2
LH:2
BRF:0
BRH:0
end_of_record
TN:
SF:Server\models\Contact.js
FN:14,(anonymous_0)
FNF:1
FNH:0
FNDA:0,(anonymous_0)
DA:4,2
DA:15,0
DA:16,0
DA:43,2
LF:4
LH:2
BRDA:15,0,0,0
BRDA:15,0,1,0
BRF:2
BRH:0
end_of_record
TN:
SF:Server\models\Portfolio.js
FNF:0
FNH:0
DA:3,2
DA:29,2
LF:2
LH:2
BRF:0
BRH:0
end_of_record
TN:
SF:Server\models\User.js
FN:27,(anonymous_0)
FN:38,(anonymous_1)
FN:49,(anonymous_2)
FN:57,(anonymous_3)
FN:64,(anonymous_4)
FNF:5
FNH:5
FNDA:13,(anonymous_0)
FNDA:13,(anonymous_1)
FNDA:5,(anonymous_2)
FNDA:11,(anonymous_3)
FNDA:4,(anonymous_4)
DA:11,2
DA:28,13
DA:29,0
DA:39,13
DA:40,1
DA:49,2
DA:50,5
DA:51,5
DA:54,5
DA:57,2
DA:58,11
DA:59,11
DA:60,11
DA:62,11
DA:64,2
DA:65,4
DA:66,4
DA:67,0
DA:69,4
DA:70,3
DA:71,1
DA:73,2
DA:76,2
LF:23
LH:21
BRDA:28,0,0,0
BRDA:28,0,1,13
BRDA:39,1,0,1
BRDA:39,1,1,12
BRDA:59,2,0,11
BRDA:59,2,1,0
BRDA:66,3,0,0
BRDA:66,3,1,4
BRDA:70,4,0,1
BRDA:70,4,1,2
BRF:10
BRH:7
end_of_record
TN:
SF:Server\models\comment.js
FNF:0
FNH:0
DA:3,2
DA:19,2
LF:2
LH:2
BRF:0
BRH:0
end_of_record
TN:
SF:Server\routes\blogRouters.js
FNF:0
FNH:0
DA:8,2
DA:11,2
DA:12,2
DA:13,2
DA:14,2
DA:15,2
DA:16,2
LF:7
LH:7
BRF:0
BRH:0
end_of_record
TN:
SF:Server\routes\commentRouters.js
FNF:0
FNH:0
DA:4,2
DA:6,2
DA:7,2
LF:3
LH:3
BRF:0
BRH:0
end_of_record
TN:
SF:Server\routes\contactRouters.js
FNF:0
FNH:0
DA:5,2
DA:7,2
DA:8,2
LF:3
LH:3
BRF:0
BRH:0
end_of_record
TN:
SF:Server\routes\portfolioRouters.js
FNF:0
FNH:0
DA:7,2
DA:10,2
DA:11,2
DA:12,2
DA:13,2
DA:14,2
DA:15,2
LF:7
LH:7
BRF:0
BRH:0
end_of_record
TN:
SF:Server\routes\userRouters.js
FNF:0
FNH:0
DA:8,2
DA:10,2
DA:11,2
DA:12,2
DA:13,2
DA:14,2
LF:6
LH:6
BRF:0
BRH:0
end_of_record
